-5.782521762369601
-10.2193214156717
-9.373178721991948
-8.872471099084118
-11.9047265384021
-9.104883372332704
-11.51771293359434
-5.847307696444401
-11.256164433570783
-9.905910707234447
-14.528803081345794
-10.207511420936338
-12.024386352388989
-10.711832373325715
-4.559380096109161
-11.422639674311961
-9.408901737614277
-9.980915618071684
-10.233165493885066
-11.07058044977211
-7.618460767524596
-6.5453992816890105
-14.152461486134134
-14.057900707653657
-16.262236887218794
-7.657780931433454
-8.176360356457735
-9.036026145550924
-8.482831497617957
-13.857178800712374
-8.985421819590261
-13.748651419785018
-5.096420075031837
-9.530407326764562
-7.003839010685296
-11.179065472686311
-19.84145417794992
-9.342050940456344
-5.796720620644432
-8.096943045287563
-9.195189727707609
-6.815395306772734
-10.731779280119145
-10.255326275194172
-8.280330080570995
-6.934180951052369
-7.693591629411267
-15.481141163979801
-9.30597171418405
-12.06092632988363
-10.945986791576635
-9.886523304336077
-10.105872620602327
-15.095191079705305
-6.2960049253545805
-12.500461983286016
-11.693544675075518
-10.00467837742995
-7.594810050999248
-12.392234336630052
-11.360359902712302
-11.079078282575031
-7.039137534224695
-3.7876601790443942
-4.396048093788773
-15.609509217175297
-13.8895249283462
-8.975098617671339
-6.252233795785952
-13.891908749221804
-11.838854642039317
-9.180456508277082
-9.83706612012552
-10.71888335840933
-8.302496050271653
-5.28887206878994
-11.499426941852622
-14.197326472330076
-7.46022993109541
-7.408759928522174
-7.249647942988717
-5.892897723916956
-11.63164617415056
-10.622750809549375
-5.680721403433353
-14.594488752533108
-9.869632049723828
-11.537121152963934
-6.890787997678019
-16.148386679523714
-7.215598404205044
-6.99479870746514
-9.199624401172139
-5.680809667988138
-7.143534981523367
-9.570078899238457
-5.752410948044248
-11.899085651442498
-6.5816583671671545
-10.292402992385902
-11.54233275807163
-10.710137855427275
-15.711625118964426
-9.954204734973787
-5.773011437015149
-11.458897192234192
-6.353184854881031
-18.36455946565397
-9.189659811721398
-12.028782280947128
-6.644497342979499
-9.779191464269267
-9.733692617107275
-8.093655603867854
-6.095968684693189
-11.949938922453338
-6.879608032370016
-10.609482006499409
-7.974080261884946
-6.434700837082835
-11.796710098048742
-13.41230972778353
-13.458605681810274
-8.555633280414428
-8.716021337907058
-6.970215056703131
-8.61471057430773
-8.251601164277195
-11.270117155029867
-5.511769660299492
-9.084778803274657
-5.678403293242838
-9.325939177193057
-12.603141111277356
-9.2490011215661
-9.077075589034756
-9.758893819263603
-12.941005422533397
-7.679169142905341
-5.684286884027052
-9.874906317193746
-9.754103452777303
-13.85206828340515
-11.840161647158656
-10.202214553786314
-14.924788764694345
-5.346455757394214
-8.77750737080547
-8.452902809016544
-19.021486954976854
-10.57010800598251
-6.784508698739093
-4.149400867622306
-7.8025198431366665
-11.926247915347325
-8.777538904684302
-5.176194618914204
-8.295894306137768
-7.701467493290298
-12.994763002943259
-13.289373337461608
-9.89871201548892
-10.144197762362218
-13.643798242582712
-12.05378213606808
-12.512192905848925
-9.420130514695265
-10.985369296979009
-8.58363502371934
-4.443410282959912
-12.26729000958657
-10.526598408779615
-8.811849906779281
-6.978052079902732
-10.425982558122154
-5.6192454464682084
-10.33092827692732
-14.563550771247455
-6.203269738435602
-9.2817373990494
-8.672916541575079
-15.394821697747958
-7.059211666177735
-6.618465044519207
-15.906609925579032
-9.903834585621675
-10.352811776618557
-14.492413116255989
-4.662098230360747
-17.487994593483943
-14.219251330175387
-8.370500744580594
-9.202853350357666
-6.444337508664017
-18.764879685600345
-14.946139418716657
-9.02936656972994
-10.424942911921951
-13.024125344211505
-11.726231818584672
-7.975446365564769
-13.093209834851534
-13.103711718862142
-5.2774293019382625
-11.707342844199685
-7.668865760749194
-14.640118675319817
-9.943725394574962
-14.950927846141747
-17.45283204760363
-6.716101271315001
-12.925188198033744
-8.593529720980786
-11.58591626189946
-6.917449680383888
-14.8468274153498
-10.490216437875683
-13.549229850091232
-8.140416191830825
-11.812469713933401
-15.392748245436197
-8.071887049632139
-13.615490976500999
-9.297067299508727
-9.328078895336773
-16.2906206098344
-11.580559034568829
-10.019007962447667
-8.243038672929481
-6.904168359951288
-9.657758054355142
-8.385016008761662
-12.16474172829238
-10.482868045059202
-10.761643819507583
-11.986098940827722
-10.060545273286754
-14.604765488443098
-12.936833638994402
-17.52054004829341
-15.559252355034975
-12.023140396889252
-5.739094809627906
-15.763619808038273
-12.914703479897168
-12.289036681422605
-21.085903915771112
-13.974887700942148
-12.455853123472133
-9.283800747316585
-7.962505951335572
-14.992315260196833
-5.194578250431848
-11.317350991039675
-13.075479932324571
-11.37837775437447
-15.820575053495807
-8.663901399653708
-6.190794293452223
-7.683188219515332
-10.422254294841162
-9.260709474333854
-8.354391978788756
-7.287330020139571
-5.705639379620698
-6.864963078483657
-21.084946899282563
-15.051565898191624
-11.20727240683945
-8.22252404525865
-14.350858546783616
-11.948248971920103
-4.612431859649965
-12.175509745609546
-10.84225034992987
-6.078632642852675
-10.196930106529608
-4.480540519897423
-12.657800355797386
-15.100349937020944
-6.847205601968746
-10.020793065606211
-4.965618692350822
-11.0596874319232
-10.887174213734294
-8.757334915150002
-14.316497036883492
-9.448863478096802
-13.198871943287026
-8.205965769065111
-7.669981542699968
-10.226307419609935
-9.045422980735273
-13.11122944196068
-10.455343683036235
-12.555966115029358
-5.920806627890167
-9.95758822839176
-10.631665016260582
-11.486928368892833
-9.514969967185197
-8.614815335170542
-10.76848819169572
-10.275370906169949
-6.922674947279483
-16.539663211312195
-7.716421353002487
-8.99334549796152
-7.87124121958236
-11.3089344404085
-6.040901831256097
-12.511828530505678
-7.314738200098699
-10.34754307676664
-6.875485807139941
-5.100313567843825
-10.705883100554672
-15.168886432003427
-12.264540721185503
-11.744917916728799
-15.680980822795176
-11.283306661678118
-10.913776246687338
-8.443119484238586
-4.78644210017029
-13.640584744412596
-8.902546408563383
-9.975649176614505
-16.879137726068954
-8.003966724931132
-10.42703447133607
-10.683422981233477
-3.3116594482996256
-4.574867166941978
-7.104986359897403
-7.015466249204216
-6.4653908759781125
-11.796931008376879
-11.534620145966306
-4.714985095749684
-6.337746342039223
-14.095092726039498
-8.551445993109176
-8.924983193248412
-13.827746034065653
-7.284863574484682
-6.302704333089381
-11.028922253628311
-9.171478655938902
-8.565185552207637
-6.802956031542574
-11.19937373104572
-19.72693745017464
-16.19927334436821
-9.97443605243567
-7.7674011468647315
-13.28159518304934
-12.061360467684395
-10.505487636398353
-7.81598630182942
-4.476509328883286
-13.704591435041104
-6.958168306679447
-11.440518426297219
-11.206250693390217
-10.957294818642318
-25.73062565230994
-10.330115990484222
-15.290042892100459
-10.16323241877161
-16.749293705088395
-8.595540882324284
-18.350671749339643
-14.738663885812205
-4.538628336425215
-13.498289035556109
-6.883735479438664
-10.40267828584228
-16.5007255592688
-5.449498159493906
-14.836635339864046
-26.213768324578783
-13.974252128203288
-19.778836669707054
-9.865655250861694
-10.584120539605498
-6.696406046822626
-12.343814608125037
-6.97680173137599
-16.52673370856357
-11.291283120691665
-8.219732823920511
-14.08180179565212
-10.606415257156403
-6.986255201679594
-6.875585576159806
-14.093121746612823
-18.59425329803965
-20.92094375718912
-11.346090769929347
-10.849663288636323
-7.818049721327403
-6.180284197574494
-7.810819572986644
-10.433713928672345
-14.475787961165324
-19.40972925628016
-8.703807171180298
-23.60780510032783
-7.334490014465195
-19.01687790338724
-13.769379352148455
-17.73273584997343
-7.0871903608288065
-18.551142479312134
-17.597546009648966
-11.318830537343981
-15.376454944840622
-11.47656297434202
-6.818438567612487
-11.520300754123971
-8.09065280591799
-15.029548854824283
-16.44232807102141
-7.9012932625620165
-11.632767741338544
-6.327224246477273
-16.817195910097027
-7.390343591418727
-5.38612724955777
-5.897770051537839
-3.556788241313452
-5.684906950647562
-6.966436346935466
-10.67392844429301
-12.405529036193737
-7.704630542996027
-12.878348148453153
-14.387546416380001
-6.748961084626158
-13.97658275676791
-9.000611634497472
-8.07245447012959
-13.510175337409217
-12.596541106943315
-6.17831918260216
-11.3546652807919
-7.925355112506102
-8.394719685621517
-16.725826513057708
-6.286705316213987
-14.239399516283603
-11.514565726278013
-9.805537494538
-14.166535419115194
-12.62679080765125
-10.11376921178593
-7.126361145813648
-11.10774337322327
-9.80891056563325
-18.280056656842085
-9.573654016725179
-10.757031159421693
-9.580700506088661
-4.433641099414482
-14.944794102724435
-5.026193188294453
-9.49971252851613
-4.437163615410783
-10.853699766262027
-10.302926724650735
-19.97581408146964
-14.106278615552478
-7.361302461520835
-14.050144268436421
-8.438864419529791
-11.450528119911837
-7.672051617386182
-8.894817321612509
-7.533854174293995
-4.604444605531034
-10.40172442205512
-7.2744538321547925
-5.563009235751802
-4.820402680733207
-10.006544722620253
-12.797518992933101
-10.204885876666832
-6.331278935776565
-10.025469204289765
-7.886344737623464
-9.397111005442797
-10.253343940014089
-8.117581728883412
-5.61248237798058
-6.7183606104665525
-5.478836738122024
-5.818221661549278
-5.472318307319867
-13.662333868110723
-14.460259417834681
-7.284294028353569
-5.055190618359384
-10.618145535871856
-12.325312106134884
-11.940743836225124
-8.115267061781248
-7.510022075289269
-7.932434944610685
-14.350077925064383
-15.726897175788745
-10.822014701942127
-10.539449556915725
-8.930750967328892
-7.734482768314778
-3.731154944337119
-6.276527913712544
-5.3303945608038426
-9.008802410877047
-4.307097914718401
-11.388306722426279
-19.060532308402777
-11.346113855340741
-6.6343579003228506
-10.845244990061357
-6.960580118117768
-20.22130084547907
-8.422994378482533
-12.759058160564907
-8.009047025225783
-18.295001548476737
-11.840073441826439
-21.02129007199296
-20.96292078166544
-17.359284451144518
-10.332806471450544
-6.793895053475925
-17.711507470514853
-10.094426094964291
-10.527605808704363
-8.876457116590188
-22.175217567340482
-17.418883544208622
-8.227410949631878
-15.352291398663853
-13.108309417022532
-11.947152133282986
-15.958204444211642
-13.439085136316715
-8.845041547781847
-5.8075281259970986
-7.268667155467804
-8.734588208074715
-13.682409488106568
-16.223491962215714
-6.860271152005861
-6.119793791908168
-9.123313369458673
-8.33511439976018
-9.555008517021173
-17.70886551948263
-5.198236069019334
-10.165001288524882
-8.837757915555109
-8.626415465503234
-11.33270313580973
-18.116359016643962
-7.010564807529276
-12.163319847654883
-22.300280280988247
-13.221668490936207
-12.349284812465532
-6.666919425090676
-13.929131536437794
-10.060814074327572
-8.700730845652414
-6.689623371294687
-14.315754101120504
-4.159643233309905
-13.71921742539903
-6.600971832056732
-9.871624822224966
-4.468824738180425
-5.372786445084414
-8.330609726031824
-5.991272203226226
-11.263640559915157
-10.719274658640956
-4.785521493809163
-7.804184589664904
-4.754688907040717
-6.422432651784199
-4.757714198820748
-12.153250885344267
-10.600837154142123
-6.055630266727532
-5.986318426422531
-3.9643752324711747
-4.992270521496355
-14.464486636589461
-9.329900971292373
-5.048248138779544
-10.410253598266094
-4.406804582777629
-6.489568192110381
-6.640246632722261
-11.567960092295793
-5.381611718917008
-11.17251796210574
-7.036917469560881
-9.32086474487223
-6.476053751527397
-10.890000691308908
-8.927040755919759
-5.6528774696957615
-6.433839082139342
-9.105279374572731
-3.1839501735562092
-5.890242693685736
-11.540636062363989
-3.607423641589319
-11.498724976745315
-5.087062107515914
-6.285739967215145
-4.352950506971338
-5.496908188496006
-6.80541846562465
-7.674891086094685
-4.027577698995415
-10.774091314602519
-3.3721766425420174
-5.564724929162855
-4.883434624359235
-4.672154101907141
-8.92926984845838
-3.678250565113539
-3.8568004233046485
-3.921402316536432
-6.1053144340786725
-13.183685837557212
-4.14184059788455
-6.866397376893855
-3.7131663083789332
-4.314530148106492
-4.006802882594103
-7.350668038456415
-6.404477697311165
-6.214881351407397
-12.10339461567529
-4.784040291792093
-13.18018065879883
-2.950061386698526
-7.838433327782269
-4.811488835269385
-13.05864696914097
-8.5397513579924
-8.11611452585895
-8.234360065238603
-9.362816868394834
-9.153115460036817
-5.845950706797159
-2.3623938735522905
-4.835342299919909
-5.477933567963694
-6.898130689041255
-4.945075871800564
-4.690911849106529
-9.707780159779931
-11.016099296340506
-8.010290921498788
-4.586145439992533
-6.997288327019597
-3.9379665391416463
-8.239718654292332
-5.1120380963234515
-5.963744460793585
-11.454932291217377
-4.018591422350885
-6.3808899736286335
-5.981868704751026
-4.046723337172555
-7.5998763845364525
-6.745144604884315
-10.779021720071034
-6.141132505500145
-3.199660429963361
-6.827763987585604
-9.342580111880903
-9.580849049438013
-3.834933256774534
-4.2279884016412055
-4.589756036603121
-3.408605326468127
-3.9707854148864605
-6.655579420014551
-4.370832559681981
-6.344699515757013
-9.201960949019215
-4.665852228925766
-4.605190241986417
-11.591841176672071
-7.786893778561026
-4.244462904161539
-8.441531995563736
-4.0864071373746835
-4.7377996418244885
-6.67344188869038
-6.618569937635854
-6.955823841074973
-5.357427677144764
-4.414909067924552
-4.271851255157277
-4.818911021533185
-8.227238925797039
-5.457826701241746
-6.449163610318273
-6.158972739115011
-9.021294914571905
-3.8118928064921005
-6.216183831346077
-6.3871489809431985
-11.290578045124114
-4.934332625902681
-7.70006634858442
-10.582984862745931
-7.7569031243582955
-13.516288003852921
-13.137427631622511
-5.7322613384380485
-5.182607212594307
-3.9254717513941153
-10.917923666789934
-5.533262721851424
-4.837223515128036
-9.532562662136383
-7.183843485679145
-11.092282179782034
-3.134184008512872
-5.668611497564295
-10.572694453126381
-6.0370155228470725
-5.7724259493579195
-6.919739892348883
-3.2987111025235607
-7.384280213483628
-6.657843980404404
-10.545135171148427
-4.265136633933693
-6.864337643790623
-6.71900099909291
-3.5877954403110888
-9.649792156798188
-5.911703643034565
-5.606092473078483
-12.234073095471382
-6.320253051704076
-13.359984586579499
-8.662512551223099
-7.76960278647343
-11.806367214913982
-5.692902830066166
-6.0164883594384015
-10.398917279047454
-2.958676901364499
-4.547780167690303
-12.344118795818959
-13.007649949486165
-7.57063471237257
-3.7988877783325616
-4.621610792455384
-2.9804398595085493
-13.544672414890803
-9.596395741257215
-8.167782483807162
-4.949919892012955
-7.23590979122268
-6.843903143573849
-5.264662162123137
-9.256117779263636
-8.705044313708179
-5.834290293000248
-6.427596630317936
-12.512155278738474
-4.143634667497036
-5.63765829558763
-4.937610126033631
-4.496402906859758
-11.37108055131288
-7.123194859187856
-7.652729625109237
-5.979167741134724
-8.371897725541668
-4.884330332574454
-7.969753153594753
-6.1685755574561
-3.72820431105984
-10.631720010445079
-6.841882355733284
-8.444960295593853
-3.171222237141266
-7.896582302032861
-5.718530225328907
-10.141134254896885
-7.017915963328486
-5.6125041002304625
-2.9787952331227747
-8.259803852121651
-6.765321914854946
-5.805149570119494
-2.545890516139179
-6.815126398865939
-10.266000317777538
-3.733198304855992
-4.870554201828102
-4.79867105895042
-8.634974275047604
-4.388159094249922
-4.87885181127856
-5.2508583080071
-7.543649627416523
-8.877549206651087
-8.897582500291326
-6.292062163050786
-7.98526376657378
-10.960548851174936
-11.045238469029739
-7.683817906542962
-4.505269498870463
-14.121215320831777
-4.548454382976291
-11.114963038300996
-4.84900870813887
-9.64590691203287
-5.88769421891263
-10.920616486075167
-10.75373040555787
-14.453371995649682
-9.24887921109468
-10.24716184397919
-16.96501051499612
-15.98571541381842
-5.727799998635357
-10.021215144746895
-11.66970978931815
-19.687853217348476
-7.6355941680874055
-11.947633673034169
-4.912443922509635
-7.873285284313858
-15.921819993465828
-8.492202501408233
-9.559706633106954
-9.072304858079889
-10.769920952361156
-11.800937567904684
-5.392729671217938
-7.1122903632909384
-7.113022725090826
-8.305328115270928
-9.184854914664871
-3.879143366786123
-7.426125318134776
-11.58384396271372
-5.39076443673561
-4.247514642365186
-5.3651193904477905
-4.750499467644464
-6.022482144704161
-4.5226027769910555
-2.756151383685071
-8.12761869618279
-6.4653649019952075
-4.165381705404767
-7.500586449686883
-4.945050994204206
-7.180622641830491
-7.838949824035794
-3.9245069136722996
-8.72479916670075
-6.203453169676139
-9.909079283461816
-7.8014689337830605
-5.155329501186205
-7.1190169239700465
-6.184198242159429
-7.668035672154428
-5.457184632149999
-7.956889048738544
-5.820098363503364
-7.230651981696576
-6.627242221493735
-4.2221355579136075
-8.108408554796382
-10.013475386567182
-7.719889841236584
-9.300551882220965
-7.5903357112103755
-10.464734980760646
-6.705684049358724
-8.281586746954277
-7.2431467343705105
-5.044644815405123
-5.00248347686633
-8.624555144206758
-7.795511415776916
-6.25791130399985
-3.883395760590734
-5.749739223646702
-8.188864189015113
-7.166031414178173
-10.003815379840349
-7.50285681451443
-5.3562136699559115
-6.933372871682641
-3.303014908560399
-6.854390538073744
-5.488435227613169
-9.242662732761817
-3.437742303715988
-3.2996561352431946
-4.977825317535324
-4.905505752027154
-4.875832519784137
-10.116318105499658
-7.032965128507717
-6.499647927832574
-8.014067155385556
-6.166623324344466
-8.10095851032527
-10.126205384266859
-6.76065455818132
-4.796644027087619
-7.437268344692056
-3.770711219391189
-4.681890613961875
-3.7877583476271117
-4.182839862659732
-4.768948433404605
-6.406576782014552
-8.125612572286894
-6.914287199908924
-5.633529907330392
-10.64745238574016
-6.6259788987536785
-7.715448809965486
-10.520150183416359
-7.011307013113341
-5.19181460857495
-6.770850354278735
-5.870495134411246
-6.469898404817967
-8.42983795340291
-3.8359782600297643
-6.286779310884553
-9.160647784621535
-5.396227974948038
-7.225618049973776
-8.973667093224202
-6.084181472177285
-5.0550364122102405
-9.911141568064458
-6.361019848437016
-4.115615960661788
-7.129184322989475
-4.684630550769411
-8.06759045822725
-5.277109357914742
-4.952388993026318
-4.388205302774857
-3.789953403789934
-5.031433052999056
-7.411934843384809
-7.1642638929786076
-4.323058765318532
-5.38277473736896
-6.066728056823402
-5.210867100670971
-4.831347736799299
-4.723090461835132
-6.545870318211614
-6.054047488198651
-7.209898935053115
-6.943631876468995
-5.429801476547563
-7.182811417229468
-3.5318344053564785
-4.214422384564271
-7.053561988278162
-6.9498401343779035
-5.360828339894595
-7.199442399991982
-6.399733906009835
-3.304906692240265
-5.7346691300842565
-5.447792285161479
-3.085603088887296
-3.917379981480956
-5.281127151295942
-5.723731678889035
-8.259884784192558
-5.511216327151679
-5.8554028545996974
-3.687196588273281
-4.370938211409111
-6.476140151259839
-3.993789869369533
-4.706515547049761
-5.2239971802492695
-5.122961946575831
-3.913092760968198
-4.220949715599419
-4.479603180287797
-6.895736058610306
-6.254214909329238
-4.945877841813969
-7.2230856897792
-3.426105857600982
-5.566709340597828
-6.013545175556971
-5.055948755892405
-3.09596401780648
-5.493884753852798
-5.37491120040539
-5.0470585718035075
-2.9656458265702907
-5.591445369759494
-3.9277612014515615
-4.378122699027066
-7.461103961328275
-4.454022259595561
-3.6659783938787287
-4.5490347997202445
-3.080684462752682
-5.140733996491053
-6.866699050816138
-4.2562082238881604
-6.291719358678427
-6.056593359385402
-5.478402303972421
-9.134433389829699
-2.805985081643218
-3.5190606338560966
-3.000656530387369
-3.1607188630149814
-6.457342775651704
-4.427410552883095
-5.408623287883135
-6.316528613048318
-4.661352777408391
-4.535754206465347
-5.158218846631674
-2.878905118362627
-4.397281335722818
-2.346515849774053
-6.525192179866638
-2.4189719555083524
-5.60396976481451
-2.8639927775624927
-2.7766584159034515
-6.931878066083502
-4.931158313768249
-6.509852931618771
-3.7314540344945084
-3.6757256631157245
-5.2541853383564625
-3.260614776085765
-4.277046010734645
-3.475702051373723
-4.918888568041338
-5.55252408177277
-5.446473185982696
-3.6626113151821564
-3.1810996808060845
-5.344607868191385
-3.961004126945787
-3.380816071341875
-3.8281306298586473
-4.438354859309792
-5.4197811317213995
-6.197496068546962
-3.4111436765319207
-4.203702039717936
-4.414993002203234
-3.9090445522620025
-5.768914727839563
-2.2286031242590183
-5.543634862732153
-7.3193246143245165
-5.368529856754543
-3.375419622291761
-4.320253186061069
-3.927827533829678
-6.372147674153109
-6.828054112064674
-3.4715160275428802
-7.129751295596715
-5.89317896209805
-4.65107831267631
-5.018696882009315
-4.559136643757519
-2.7638968849745944
-4.963332635359687
-3.226185642126292
-6.40729653136565
-5.73774577415903
-3.1276888377491723
-3.5348909049177406
-3.6692439091991864
-3.9577829585993323
-3.7106669728973976
-4.474568400028812
-6.745128701809935
-4.243174752695197
-6.253023091382387
-6.7431315754406755
-5.9218886772287025
-4.6631560904271
-3.069963941543779
-4.532173331509726
-3.7760792514793464
-9.605317021027139
-3.379985981378731
-2.8754432497502678
-5.073329922232192
-5.136476543253594
-3.680370319632635
-3.303097532445282
-5.299318822770816
-4.065169076502024
-4.223961534964562
-5.904712039031669
-3.549765969977662
-4.46551899028419
-3.2652562453641276
-5.942027504426613
-4.2842906638077745
-4.676098572361531
-4.7496348791411815
-7.139955710360656
-3.323363077765854
-1.9809285744949656
-3.951742465938852
-4.916988072442077
-6.0133356143285885
-1.893564215219769
-3.489173482186668
-4.506443574586426
-3.4468465156930446
-3.9607767352230456
-6.970289620716223
-5.815213063044824
-4.629509483165218
-2.6828740942953093
-4.175575723951053
-6.794174066428608
-3.774022535496477
-3.8576678150342323
-3.9844791320593513
-3.436127097441362
-3.0776771484490895
-2.49419608074844
-3.930463575356194
-3.7336143115537737
-3.3115375770381594
-4.4661287603278215
-2.468487044567214
-1.5779056052974716
-5.483499889155145
-4.117698717357332
-3.6340373072643457
-2.6558223576743867
-2.406169543914199
-3.844680626575907
-4.639699083995666
-3.592697477511916
-4.02719302727904
-2.818597185824783
-2.798396487520682
-3.503773864281555
-2.4459224358791594
-2.07672653975301
-3.3043743689025065
-5.583939069939365
-4.665612956349943
-5.135804020829817
-7.601310904390857
-6.2021998706767
-3.7144634828171257
-2.169906994699182
-4.762370316101619
-5.148410520653061
-6.042220225802878
-3.2278671970564057
-2.704067511091313
-4.067826884641882
-3.443790665134764
-4.4313162619551
-3.476341151377962
-4.137125098471985
-2.758604037562497
-2.5865697973248363
-2.6071484250329773
-5.550593062063407
-3.8104264218853885
-5.161464384364148
-3.166977745411784
-4.430859180319835
-3.010607490142987
-3.7936413682883745
-5.337829788286355
-2.6750953564199538
-2.4184105780497247
-2.1904376938509356
-5.478043602425485
-3.282239291921839
-5.214480473837858
-3.8717281926824563
-1.9321708143962253
-2.919071518831993
-4.500081445071619
-2.8118408439682665
-3.626018009797007
-4.537441526066101
-3.5194805419459434
-2.6210007106720346
-2.839822979293089
-3.160105462727975
-4.826799072404993
-4.237009072228678
-3.8279653412075856
-2.671527589226995
-3.4971235698314187
-3.669687713050956
-4.531740178257729
-2.8870643629851935
-3.442932491547165
-3.5128880763511976
-3.209524973576268
-2.7973422182728895
-4.215998538155239
-2.5908888988019285
-2.4331191874892393
-3.9856280178819437
-2.32581830451512
-3.7965341651762987
-2.2812186903650207
-2.1298465423662676
-3.513714789948184
-4.3196312358197435
-3.146983693152145
-3.266278091391021
-4.579811218420716
-2.1031547164778135
-3.444922401090753
-2.202261152264473
-2.2935303293153564
-3.3786320608912583
-3.0778807924793026
-4.486170449109573
-2.331469500743273
-4.201855840027572
-1.6094846286795075
-3.3623225525362597
-3.988082695023926
-3.0817282654741414
-2.0970850435093102
-3.1040932377703188
-4.779412849837833
-3.3184717581865963
-2.370238204504968
-3.011652080276484
-3.9985345019810223
-2.961186256710557
-3.5656888910815967
-1.928711338438823
-4.110548741939347
-2.831016326339763
-3.7811449114655407
-1.7671118532638073
-4.148845154386928
-2.0278638013050005
-3.3541525152121596
-1.671710999538319
-2.8117943374726
-2.0066149431096933
-3.34989113207526
-5.578995754083208
-3.118660720693226
-3.668041668260798
-3.823503049078207
-3.551080543291212
-3.6996799748763505
-3.3279091091877424
-3.389763953952442
-4.622617821234151
-2.4802810726503646
-2.756992771748208
-2.1636022469394183
-3.8791271991938023
-1.840159927349379
-3.618839902291569
-3.7394227884734863
-2.089699291245356
-2.343275886530649
-2.2356628043685114
-2.6862257284448208
-3.02721570411291
-4.562153334782343
-2.521097478635638
-3.3668070335619245
-1.8788719733030117
-2.4008055836052398
-3.115325884284446
-2.367740180056898
-2.3003131871860245
-3.039336635132658
-2.2045802252574744
-3.5782884895818534
-2.213637506510018
-3.280463432457372
-3.4247204616228024
-3.0559301049940144
-2.7861704903103948
-2.398510419685369
-3.2055834024598493
-2.636158447313857
-3.231017829462748
-4.01377792856943
-2.4304912139221675
-2.834786617504324
-2.202723983134345
-3.0979474953872743
-3.0910950772304813
-3.4166732147720125
-3.6002940983352607
-3.7525460867447515
-2.7624567222478182
-4.221003774216363
-5.870836655239834
-2.5399284507716122
-2.7487402659365494
-3.091625648231774
-2.2248408351646414
-3.262477329484309
-1.6593412459365922
-3.4112129416341226
-2.151409628870341
-2.3098743479965393
-4.633345274558304
-1.658516226293685
-3.318482569287462
-1.7376986538160704
-2.922912144334438
-3.4103485987580213
-3.7466842193189933
-3.5448012576347816
-4.65297666348682
-2.617154110546483
-2.656006449703615
-3.2555552212819756
-2.753342818386002
-2.613940226941015
-3.1945140618372903
-2.232758610989253
-3.006567110667868
-2.956578946017364
-3.7495486066624997
-3.368295214883604
-2.849744242754726
-3.8127544900109536
-3.082806910614364
-2.575453073127203
-2.238349096334553
-2.8958876880619044
-2.493988863837476
-2.706231350983716
-2.785088427773404
-1.8361865396250234
-3.257060004467989
-2.818024549602498
-2.43215291058241
-4.792163568224493
-3.6812664515379807
-3.5134140745930877
-2.5218107471072364
-2.4496692920023455
-3.530531860667168
-2.138301651810449
-2.491512373670563
-2.774692881365556
-2.7744346259248274
-2.004260451635097
-1.9219717955313662
-2.172980867075128
-2.678049629054525
-3.0781632109811983
-3.2731111192968783
-3.6239585783393413
-2.6303901210054006
-2.6414903609351232
-2.07425826557872
-3.068948543949854
-2.29879820446503
-3.1454363668076457
-3.8821436519926515
-3.1761027581517784
-2.5126992055161304
-1.9656053010195145
-2.997669535146965
-2.2580808526635243
-3.110088394447199
-2.7512845638760175
-2.855088726761222
-2.3411916142829816
-2.6783511457507054
-2.70270134795291
-3.0457748089337233
-2.2204978253677154
-2.6450347910553544
-2.8363381432468593
-1.5245180429945606
-3.424763302763345
-1.986255827630432
-2.5865328352352233
-2.3510193727225404
-2.4811655122428413
-2.0256247418544246
-1.3692593442572225
-3.600574382734343
-2.013222214677573
-1.7908895525549076
-2.840905795604109
-2.136306390440558
-2.834491370129492
-2.6043816745505337
-2.27073053853789
-2.6186487262446287
-1.669524629265551
-2.555977144909692
-3.114033557349648
-3.651162493438298
-1.6153606196421297
-2.943251465532353
-2.8026861634823077
-1.8821640949077778
-2.414915799534661
-2.638595597887326
-3.929661733334867
-2.393493141023631
-3.068241229879212
-3.416418960120395
-1.6836691937716943
-2.3985773286543974
-2.829376736516137
-2.736866794127513
-2.033475928148659
-3.1494918194991457
-4.301616088967806
-2.147879278990082
-2.8703489023140065
-2.664444484542229
-3.11349946705833
-1.6532836143951013
-2.309627157864742
-3.282671798886989
-2.196343799444624
-2.2816137029490213
-2.3517017800543
-2.963615688568979
-3.5356522021960886
-2.7550308841699778
-2.3946025674172837
-3.3179069828317567
-2.9168712967065527
-1.9293185673362288
-1.705362730578855
-2.8392701390388813
-3.694697728662089
-1.864206055459845
-1.3505477522254248
-3.0745515366836935
-2.3601253083728295
-3.2354888935382666
-2.1900840397310275
-1.7825880771747509
-2.100237867602667
-3.506756569955391
-2.8025308167842944
-2.7182849707413466
-2.086910731031121
-2.835383279381164
-1.9624456189092614
-4.099071333532886
-2.227387202198095
-2.07488919003911
-2.772207406474104
-3.4397342478299877
-3.554577450659672
-1.2613774193137532
-4.863664535228689
-2.7017878421322465
-2.5111161911783686
-2.303720702688057
-1.5090216113308732
-2.648435786806789
-2.3314742169678366
-2.2617391920326346
-3.8149731408567913
-3.0464895259487506
-2.2811817643887706
-3.0139043012983517
-2.7654710421014492
-2.601491427278719
-2.78227331332688
-4.165719401043788
-2.740027557319498
-2.3133046143718587
-3.21246504823444
-3.324944111156363
-1.7410730764735447
-1.9348414418141722
-2.6893328392099383
-3.1178733745161265
-1.9633806694264548
-2.262500555799877
-3.0087346134591435
-2.5952493305385542
-2.316144036567731
-3.7703200073477032
-3.3039017097977883
-1.3797675867598673
-1.769121321059998
-2.9331724138413584
-2.326069066250486
-2.1904451859727714
-2.058117847257492
-2.1570389444615956
-1.7287179495647371
-3.129166745458241
-1.8475726669205144
-1.7539158973139817
-2.07457942902582
-3.1278679445801054
-1.4766508044680788
-3.8017549796271597
-2.3201239231209225
-2.3817667588115023
-3.750881045932951
-2.1566379616729052
-2.6910160066138
-2.5737044177664696
-3.973095891780477
-2.921552916765046
-2.3143541470568643
-2.2867159161574198
-2.7748591319355596
-3.4027502848143962
-2.3314584980763366
-2.397474859681422
-1.785991671380989
-2.0008926515656484
-1.8569926514761204
-2.995644405988869
-2.7186410203200455
-2.194602107003509
-2.237326235899334
-3.240251255892441
-2.494131567982441
-3.3919227653272506
-2.8264611802152397
-3.941059750300347
-3.047614281824883
-2.505066669151789
-2.3334994889295833
-3.3057782917071745
-1.919222820903052
-2.2392635438040043
-2.7925049581992156
-1.7372108631075194
-1.845218054773373
-2.849478248020296
-3.0441591851619125
-2.8864234519645016
-3.1053895835074257
-3.0768109016497873
-1.6247042404810144
-2.450205496983335
-3.3239783470373676
-1.556361411908427
-2.8843653168359995
-2.362745574338197
-2.1563056985297
-1.867298803383983
-2.773042139291459
-2.408271140777539
-2.1195933123418973
-2.7753577894770824
-2.621785449423297
-2.1156710835995765
-2.2082745910737995
-1.9788844403857042
-2.2339006522053753
-2.819454960908635
-2.381362462507864
-2.8733313588379237
-1.5469642294727763
-2.0801359001854025
-4.155568601079734
-3.1823399759404447
-2.839857778246765
-2.8765629983499523
-3.1990637532144146
-3.0832873649187844
-2.7317245738378695
-2.3046380685397785
-1.860066898541452
-3.0329881382101616
-1.4486308875128777
-3.332021886720521
-3.3070154988590175
-3.0850608436547766
-1.8866050300680366
-1.1932214970061865
-4.249202190785686
-2.263845083153889
-2.44922166880112
-2.0066494440689433
-3.313326190857677
-2.6044604668736446
-2.300169315122372
-2.534909004276311
-2.3853664041584133
-2.437870026239397
-3.1342147985154467
-1.068156890949106
-2.5475886028408974
-2.5299542487687994
-1.6595744893971798
-2.352603918054915
-2.8229432027678727
-2.856964968104193
-1.504304509582266
-2.1848859319246112
-1.923016528842649
-2.376816574947583
-2.443541675026381
-2.9804854357767296
-2.3882373569730517
-1.6792274473095492
-2.0757224334390156
-2.7809902368545583
-2.7905732531545993
-3.8455171314265515
-2.698921376831446
-1.546014088818329
-2.7852418356877475
-1.7616658007755617
-2.5628591975419828
-1.2501327767507413
-3.1948898779963963
-4.089806402115679
-1.947967245226783
-3.51344865718787
-2.290843493504038
-2.327721499277768
-3.1215081626995906
-1.627832248831135
-3.0323408236934317
-2.277240101239109
-1.759557453307511
-2.674389962670857
-3.303962189064305
-2.451429678053207
-2.1102241356833775
-2.0155215179933137
-2.0643129839501513
-1.7892113745505263
-2.975836139811345
-2.0776419857620976
-2.902381210667889
-2.483941160995112
-2.7008990151383565
-2.280202165042466
-1.5905545642211298
-2.330518279369177
-1.5130077620862368
-1.880942759768393
-2.4162853027530535
-2.123063380539321
-2.1916064488501905
-2.6213262442580483
-2.846987459167223
-3.312872814290309
-2.004689287249353
-2.2513450573799916
-1.774021094435445
-1.9254298208293454
-1.8250194327338505
-2.3955006885212224
-1.7946623045395038
-2.4798373130195404
-2.690320316011487
-2.2260314133621226
-3.0072803196890505
-3.534197270644554
-3.0056081768582392
-2.630329028628995
-1.5379039528280243
-2.3365220808838245
-2.2708818874189
-3.3394493235945957
-2.11385685056208
-2.877359983925048
-2.513666232645304
-2.2564949801162357
-1.8595736194872812
-3.89453181593612
-2.697754264662098
-1.3766345493512442
-4.145655885229698
-2.1652410528582595
-3.4477515225671165
-2.0609574487804094
-2.2637969091388688
-2.6126411096062103
-1.7308411519286404
-4.708522675411231
-2.7116106412934804
-1.5942724491841689
-2.0930711912349937
-1.6005709072965102
-1.879107644466361
-2.405137086740129
-2.2827749440664316
-2.0319592544468197
-1.6659157322736118
-2.069689951716923
-1.6750103929014997
-1.8914629764789317
-2.497693644566572
-3.064089206334377
-2.9582700329986027
-3.087318305969404
-1.896807178304415
-3.4531417907327877
-2.2482608344415764
-3.1372026772413544
-2.1277944071920456
-2.5808524957192165
-1.9000799553719736
-3.3404721859104995
-2.2768660599200627
-1.5529308482883033
-2.072389921620267
-2.607155212442505
-3.0055144090133896
-2.303391318031852
-2.5826077798883302
-1.5637673038349793
-2.8750681445890227
-1.8465544169379982
-2.7773926122502663
-2.1163213758670296
-2.8256732596776337
-2.3296647577561873
-2.407762115459274
-2.8243941348403063
-2.3352959499496517
-2.6237499803098814
-1.8524157083535708
-2.4052118879605424
-1.964044286206537
-1.8910661588368578
-2.3867520203318864
-2.619973864037176
-2.9914043299963393
-2.4963628295624636
-1.9096123490062573
-2.1078643295622634
-2.0519739470155316
-1.9921984759897695
-1.7155104507111196
-1.7639321742528644
-1.5091555004199884
-2.510225215548027
-2.5338093455205266
-2.4980508800701378
-1.5781976361299535
-1.3114527107874088
-1.9763578839720566
-2.2980324711363207
-2.068649649692272
-1.9916455735853136
-3.1507558628736314
-2.4289064648288607
-3.3269522194458587
-2.090643852307589
-2.28214791334209
-3.6387318438311542
-3.4412718175125065
-2.387312878152561
-2.5350914284828527
-1.4949761464886144
-2.0631819118507555
-2.2872685640161032
-2.2459836729380838
-2.027154259656783
-1.859778448602992
-2.4063171128096816
-2.0795376003923787
-2.1140567020048286
-2.6647011072470748
-2.8812489409459157
-3.1521525657083656
-2.5941916641276905
-3.3756890536132746
-2.655419013297656
-2.4404564667049566
-3.092657351494953
-3.6756936192255285
-2.8987398787109804
-2.425993325970654
-2.1903371953719746
-2.2747223316785923
-1.883559787225455
-2.2221564478020293
-3.213310794258271
-2.7583437428857547
-2.1172799426509537
-2.639135608395092
-2.4304985522433173
-3.795210071840584
-3.97434147150061
-4.14883589802014
-2.005392607982978
-2.0952433624431563
-2.208315527129142
-1.9453175127579159
-1.8738324093224115
-2.118260477873085
-3.293614148919639
-2.711394688395163
-2.1390161584695524
-2.3805584672993856
-1.8770164324776561
-2.079349160948807
-2.0276446016220153
-3.3839872045047845
-2.620499682214988
-3.947509942670749
-3.1719049634413508
-1.664361946772315
-2.101527359580591
-1.6116142452512072
-1.8049411468670318
-2.329928941619538
-2.5322100575083755
-1.8273856161025668
-2.672644350956142
-2.541709384309366
-2.139254113374467
-1.9417247691064012
-2.572265510426652
-2.1152671656365656
-3.800037680063711
-3.2676733762548267
-1.9671608337419595
-3.013315285484337
-2.2645099834799147
-2.6881599581716396
-2.0436717760324927
-1.2441366433613623
-1.5077197542358358
-3.280843695577678
-1.724674065722031
-2.1861475186622545
-2.438568737129572
-2.708737291833332
-2.0615938189163763
-2.4072300504215915
-2.0087393572737304
-2.677731902547056
-2.1706725956923663
-2.2336432156202863
-2.1592295637695096
-1.7681666299677168
-1.7552510473288196
-2.1606448826524876
-2.1307576441186042
-3.057105923729215
-2.5987399165816574
-2.2765236915826828
-3.0254360545514434
-2.9203583311540973
-1.0551986709710275
-2.2001044949697013
-4.017175100749568
-2.124641705872802
-2.5946760493785814
-2.433274890584625
-2.1167890727007728
-2.2497436146822825
-2.2738699570017626
-1.9316737047194041
-1.388065020939816
-1.32345623350588
-3.0758647081205805
-2.177595972234115
-2.231203832883137
-2.0706349328918847
-3.197523489453956
-3.0276810790463955
-2.217509764778694
-2.797111755629084
-3.3939274224593667
-2.50178404074221
-2.7628454984948876
-2.195166409432382
-2.6749717475009747
-2.136262879204841
-1.800337924569679
-2.4862598563275973
-2.0254518895347253
-2.7938312684371773
-1.8261557863748523
-2.1079134655892355
-3.119260076193513
-2.0783434748090532
-2.019228502920649
-1.6781335018457828
-2.9424594386145038
-2.4186193271580554
-2.301669106635892
-1.9012741135539855
-1.6805005801656725
-2.4878047865247024
-1.8084225260238445
-2.165555010313077
-1.742928228868078
-2.8714351721465525
-1.9711433779858405
-1.3732532181838906
-1.9325847994316865
-2.6673705841122572
-2.3008582298429197
-1.8799170302695098
-2.9610500724340696
-1.6659224261679846
-2.050003310988621
-1.3484987537237927
-2.1419807007463905
-1.5220789940804362
-1.9844022865923563
-1.779106030660256
-1.3920718491089343
-1.503610565036157
-1.5974631784263613
-1.6321397076390676
-1.8892072329345488
-2.4356566599545135
-1.9444460113415671
-1.9031007672299767
-2.6442995408527126
-2.1378191779614837
-2.0649030143520606
-2.9056105081099526
-2.8809475252796295
-2.726762574222186
-2.304882439343269
-3.695330710566346
-2.7910659375238893
-1.7070678761270048
-1.4908014477374427
-2.0876308932449943
-1.841114782854869
-2.1054671252485715
-1.7209492431524407
-2.503280725359558
-1.8780388945146769
-2.1352043735780493
-1.27530670321153
-1.6332825774469388
-1.6447528141456071
-1.7889383403288297
-1.6547741400744516
-1.91672700804398
-1.9103239738050224
-1.7447731498034427
-2.1665079464014863
-1.5685369796278037
-1.8264055484823796
-1.340909833597762
-2.0250360867054127
-2.9983302586424223
-1.9560300057970548
-2.9262882227484495
-2.5425112777163434
-2.3547870244728846
-2.4132883431243664
-3.1615886549118186
-2.6909617781613373
-2.454520581553857
-2.9680140222628677
-1.2094118029532146
-1.93303064642572
-1.745722498275677
-2.0612505150287497
-1.7731600495824746
-2.433614490309497
-2.173013538810323
-1.9457680761476936
-2.727273802329601
-1.8392037272041781
-1.5184922959623282
-2.0667991203968796
-2.198254193184716
-2.407818892969258
-2.2346659923506564
-2.395115909820901
-2.2385782227470408
-1.8652604791832925
-1.5831426939452713
-1.8987119679720161
-2.6478933357190124
-2.301033282334441
-1.5498182373506741
-1.7447417838084531
-1.539634536084883
-1.9587993803594361
-2.2046896393011166
-1.9431548202141207
-2.6179604335534004
-1.769293979286024
-2.8529510628524357
-1.9444295538353007
-2.0345764105124027
-1.9479341903262737
-1.8798561261755338
-1.8958623458534265
-1.258007022662941
-1.788909792921128
-1.97168683099724
-2.0490380242077286
-2.180879921852452
-2.723327563626237
-1.9206734477230127
-1.8695185967959067
-2.361354572762486
-2.924683884538494
-1.9297796182842055
-1.8944675028436337
-1.6370019750216338
-1.2948703640727062
-3.642989968090513
-2.541191247428911
-2.0010635946111317
-2.018884983483201
-2.354265169990585
-1.8809166125132055
-1.9975591943549482
-2.303317089166823
-1.6771869559412556
-2.68119309267411
-2.2895436666079605
-2.268354897872027
-1.581832488573643
-1.734333511050644
-2.0796570328711335
-2.5801769469448783
-1.6034440270078987
-2.8142041262404613
-2.342357161623554
-2.2272208480596323
-1.3162756443620278
-1.83689340792006
-1.6902262920222937
-1.6631115042093867
-1.7995837823239396
-1.7472562758764218
-1.8604594589072263
-1.8899418305309654
-2.303585118701688
-1.6567732629862215
-3.6563621483166235
-2.2810927328361137
-2.228931479890366
-2.292203128017277
-3.4895993038482445
-1.6582922438102805
-2.81202150547309
-2.290022451379356
-1.6223980570783973
-3.432619236956369
-3.0157369114683794
-2.502922925883209
-1.6988120867579095
-3.088229059391202
-2.039248544068083
-1.9909822131779322
-3.0584768205042505
-2.224862022414866
-2.645503606431037
-3.8639783186522556
-2.248713486315652
-2.511160082742798
-2.643453193191714
-3.420611988708594
-1.981980670306597
-2.469959185088967
-1.9687051088609597
-2.186181330651107
-1.501474179580259
-2.1572421071218555
-1.9901184310979125
-2.069647856440516
-2.825383632281042
-1.506151025938228
-1.7202133065907141
-2.424310618632895
-2.209044104670296
-2.657530426993192
-1.727505017652082
-1.988843478404494
-1.7498225940705423
-2.53962573538756
-1.342378629748828
-1.937250241238611
-1.7247791050558734
-2.3480601325017694
-1.3571253554931486
-2.179515004681955
-1.769344692428973
-2.7693786201760267
-1.0096513659816357
-1.5892546955683478
-2.2525833745517576
-2.5063831159237826
-1.8151870494188345
-3.1854055298635675
-3.201711493895143
-2.0751022130242656
-2.0175895734311546
-1.5028319397839394
-2.087997135158732
-1.615839273461117
-1.7135076479516946
-2.3738761617873085
-1.8840158157761935
-2.661309411342563
-3.658635108514249
-2.270989995160982
-1.905610313436396
-2.603899028632316
-1.8735843227232012
-2.341383708533839
-1.5765412605333424
-2.4389387676836867
-1.9580947689349273
-1.577933721933335
-2.497403112872207
-1.950287366166186
-1.4343733925807578
-2.630076434683651
-1.7189363660364696
-2.4706391236074907
-2.12133963157461
-2.2004074451830564
-2.888365223162995
-1.962513561152883
-1.704667582531328
-1.6361302791812722
-1.527011526389289
-2.0242233983809177
-2.663482155221538
-3.007406137721879
-1.4390277379301375
-2.1651329270564483
-2.5421891452684293
-1.7297524046294552
-2.7024099233953156
-1.4874587587082384
-2.3335082202523862
-1.7644725246217134
-2.2826655501662256
-1.9443093550718513
-2.500323261684448
-1.7835338820782294
-2.0402451970224833
-2.3332650971800355
-1.6819167913701882
-1.902852428172702
-2.118578427547297
-2.1541362489388214
-1.4561500118044735
-2.6886535046215547
-2.2056582017858086
-1.25011869094436
-1.6833779313043018
-2.0253555766225277
-2.0105147811483266
-2.799012264300071
-3.592717889817975
-3.6145960007771993
-1.7297015315399582
-2.645073613303237
-1.5006288261582719
-2.0248028965311176
-1.60387179204121
-2.9504928249239866
-2.476433010570213
-1.9995379800009234
-2.1542437691216123
-2.1735995143543305
-2.7913530483336646
-1.2384838629875592
-1.4888916264289143
-2.5051508625329046
-2.3438495754432114
-2.531008089158011
-1.713751894631137
-2.564580305658854
-2.4314096211718548
-2.5904421628823253
-3.193665491304544
-1.3233418060032875
-2.345630756574953
-1.4994849674736872
-3.1380886099971135
-1.4576256786522441
-2.2554877372795703
-2.184222227248174
-3.0228335708652354
-1.8780723781899826
-1.8273608888004795
-1.8565685597108754
-1.6617652383166706
-2.1247746806340073
-2.471026931718285
-1.2963201443439702
-2.229211306791908
-2.3631006033887756
-1.9660358083405038
-1.5565658908667868
-1.714646598132922
-1.8789308528670703
-1.5964221969465042
-2.136280810209675
-1.8629497521024558
-1.3212357446637915
-2.083766612285385
-2.485550345721169
-2.0600112787644096
-3.2140937640674823
-2.4243083658387747
-1.8975963868243275
-1.92426255769634
-2.504409834024181
-1.8839027963693535
-1.391095306946666
-1.1026528985415551
-1.5354638222036938
-2.1273435995173915
-2.0525827374256855
-2.4313744476967942
-2.9644349425224537
-1.9449552555590104
-1.4651110318686533
-1.6758950720532912
-2.046908244256732
-1.9401048011696174
-2.4213921410431385
-2.101459985568465
-1.934894589259313
-2.2864411691148554
-2.3166317964259755
-1.9168859516204142
-1.6831321983482543
-1.4057175215447302
-1.1469464697855891
-3.0545366803221743
-1.455386607820204
-2.72380740013871
-2.858900932021567
-2.2003783511042876
-2.1226454127598773
-1.2553160597802455
-1.3745487627733164
-2.3027478788715876
-1.727926034293131
-1.7851596422807752
-1.2957337406494611
-1.979121460548152
-3.0500982302850224
-1.3105873395135144
-2.1736725406584605
-2.184173848587691
-1.3712137097205521
-1.5858997050965011
-1.9496907517237578
-1.8713044478029548
-1.0806437406838962
-1.848483751473916
-2.126266004578361
-1.8026740428947816
-2.0454842902155406
-1.5954549694665732
-1.5658764182891056
-1.6319153574757421
-1.2102767802171055
-1.1921055325632504
-2.0849365347111575
-2.627821059656611
-2.532408240788206
-1.8142357074516817
-2.052427082951309
-2.576282512843997
-0.930969835678303
-1.4940624351600342
-2.1622886543673525
-1.873791813770012
-1.8892986681866
-1.540300998188221
-2.0236650587892986
-2.1777797610261556
-2.319206416028044
-1.3929516572800968
-2.2002715089878118
-1.4773717063586487
-1.4835462357345486
-1.652907142593612
-1.350278476789921
-1.869651318927783
-3.0442685701481507
-2.329348999488682
-2.7797004949703954
-2.907855225829498
-1.6180803940296933
-2.001643029653191
-2.614174487786903
-1.3659678372109814
-2.0737983217881464
-2.222060576872482
-1.6333080704188905
-1.553862952544845
-1.0486172783191334
-2.2036639891501313
-1.7594374574985918
-2.643296005085411
-1.7067296425354377
-1.6934834596788464
-2.606596476424694
-1.4707504072369038
-1.5506789615095604
-1.878813066954294
-1.1299727701762503
-1.82985215932496
-1.838296596141278
-2.1291809742260535
-1.8381918851407733
-2.1733748888053976
-1.3259375773107436
-1.5086213249758158
-1.2181409157630922
-1.3744720825810042
-1.337945762745508
-1.4990678628879188
-1.3134312241113426
-2.3009912993455375
-1.373448119100418
-1.9270465455870254
-1.5405688565180409
-1.8771648133590204
-1.8291042968607092
-1.1333610043426257
-2.0768268237935184
-1.3188809571064941
-2.213150954864707
-2.8149576618234096
-1.769061409290975
-2.0434171290288834
-1.520336390924014
-1.3781299092134023
-1.581325710612038
-1.1460065571137925
-1.0244841704211183
-1.3035202075117263
-1.2674092826300924
-0.9645135219659774
-1.4345167709572606
-1.5837140201248143
-1.9611918052726969
-2.7469876177870862
-1.7910453658052545
-1.0121874732443656
-1.7579596115071494
-1.948262224273857
-1.2063123230531168
-1.2686859586103878
-1.9144779907213583
-1.4301631434753752
-1.7761163407360079
-2.1604413521736623
-2.4388852340408063
-1.761669125034449
-1.289848177726366
-1.4508519449523343
-2.2038711540123677
-1.5768569366567413
-1.8667081093153575
-1.483549133674498
-1.2713904339633801
-1.7926323518247438
-1.446142130702193
-1.9707228928653893
-1.702165193921129
-1.830452592632096
-2.3454893410009587
-2.0261444585684796
-1.7558517291410838
-2.0253151988523466
-1.8309277861813336
-2.260427160489397
-2.1434750283156534
-1.6313724016548048
-1.1946377626071585
-1.2993647561592676
-2.0445924413715746
-2.4273898757888746
-1.8502702680486727
-2.0078798373182667
-1.8631937235644866
-2.1991933082472337
-1.488497054328641
-1.7427612017910936
-1.5969333412939812
-1.5753313941649751
-1.6623609685501468
-1.3527663881622483
-2.0209817484996986
-1.1391480058751846
-1.203967292146993
-1.862267960713015
-1.9093811616057796
-1.061187973016708
-1.8104802466528294
-1.4218244440185472
-1.9873096054902926
-1.7409109003765109
-2.0617834830199495
-1.7071847744395645
-1.7180673934440673
-1.3407785154322098
-1.452781844060212
-2.411799314609903
-1.80757764110308
-1.7092268276334515
-2.2906203655088686
-1.5722348674597157
-1.4185065041974614
-2.1066044692403683
-2.190436215595995
-1.2951324690878259
-1.4881557535764112
-1.7286521062637645
-1.3149246581680465
-3.1468528323007234
-3.058129084585091
-1.7581729097707512
-1.4771471283764614
-2.435871864485249
-1.9750156904884695
-1.8401197914950296
-2.2747871650314435
-2.1556997115264163
-1.6494345096716962
-1.965568057587604
-2.1406255441814195
-1.4887218683892314
-1.6591068329750165
-2.2766655419529567
-1.2422749347050837
-2.412800028759255
-1.358782551879085
-2.1713589698494733
-2.345156098674194
-2.425180444220769
-2.01720638544005
-1.8314953373228635
-2.403267665851165
-1.5802466299815503
-2.0295201935064906
-1.9340865786418147
-1.442958804637682
-2.6180577180950273
-1.5962068272157002
-1.6727144149379296
-2.1848351800472745
-1.2026691104209501
-2.2227607392598485
-1.5139706296924496
-0.985887959542419
-1.3055905344171004
-1.5262879510040874
-1.335321175889253
-2.706917630902778
-2.1751931587430384
-0.9822590829725067
-1.5222727264113862
-1.5667388240947546
-1.452035005750033
-1.528288553518084
-1.263860245463247
-1.5044271920656522
-1.986790283632654
-1.7006891159867108
-1.185539390198665
-1.6011488440967552
-1.5099273364034056
-1.808384658027024
-2.6786158429741462
-2.0389450491825407
-1.6199932464807958
-1.7197175375912763
-2.643235008338332
-1.812861138953634
-1.7783997063883512
-1.7536448670260762
-1.616207674682784
-1.437670089993512
-1.5892168798900057
-1.4268588292193638
-1.6030372162594184
-1.952379968358946
-1.6854889640333108
-1.8745343221423043
-1.6645314873874608
-1.712186221155768
-1.6199633916233291
-1.5749979066960227
-1.7666317041027262
-1.0998933560256128
-1.6402398108823648
-0.8634429304643498
-1.2917908977481796
-1.1474577662874619
-1.59990265280303
-1.8929111940624723
-2.2225430733962415
-2.1519947100007415
-1.4899374080505414
-2.21810992179711
-1.5361283788609914
-2.2413125531650695
-1.6615736910286527
-1.444204453931081
-1.8741207714509536
-1.8841014817657478
-1.16076894070689
-2.0196717054187108
-2.1846560701925086
-1.9073087370734003
-2.0499121851886284
-1.7442702868906395
-1.4461386753851513
-1.8011436338352604
-1.7176642177518755
-1.5975006036604893
-1.408218876213114
-1.5071716473304915
-2.5468585994836923
-2.303796877389333
-1.816260588688662
-1.8356884427663507
-2.6155528961163674
-1.5093250556938331
-1.5472804733673735
-1.7374448137966405
-1.9092155061957612
-1.964064152687481
-2.0930879304702525
-1.4920656052315173
-1.524893924988822
-3.191235870955258
-1.789876284006848
-1.614224214337107
-2.129222264612432
-1.6731878825067388
-1.2335954559636633
-1.0485065363503412
-1.6406312770394025
-2.9862295730525705
-0.9939250605205149
-1.473723749518374
-1.840247934615407
-1.9413972779403033
-1.4086198023743155
-2.0393515319907594
-1.6397986083596814
-1.4453080391264694
-2.0766674683632136
-1.359914990345607
-1.2851702565336065
-0.9830575406926979
-1.6455037277457751
-1.2106506373167263
-3.10793303553955
-1.2674702361529926
-1.5758920659801146
-1.8145144211456135
-2.0137844411736303
-2.229968640149267
-1.4126856475421845
-1.572896075863538
-1.465909451838055
-0.909771816714036
-1.4600729046199534
-1.7681442479524216
-1.5789128249137656
-1.8752575381506698
-1.3101138806134438
-1.824198620295029
-1.317707403936396
-1.234478350852729
-1.7125549821736035
-1.7210886283449764
-2.482343388843476
-1.5881285640530431
-1.5981514681329019
-1.2702448632470165
-1.536696703907163
-1.3036139957607416
-1.3559620384734474
-2.016258316259928
-1.7784962523641403
-1.6959363971786432
-1.7207937093299646
-1.6378202669214226
-1.41591141393682
-1.8800040191591647
-1.4363017987880886
-1.832604820148934
-1.5420813722102402
-2.293016237162206
-1.165317767414648
-1.5771142660869144
-1.308573311853197
-1.646885310843028
-1.2368423819701853
-1.452001055165375
-1.51632359635281
-1.9487799940628363
-2.0888448277595906
-1.703465151628945
-1.6557693319109898
-1.411160901937551
-1.47775621246545
-2.202752787589066
-2.0489680114640416
-2.4829422006624986
-1.5723646375395797
-1.2414346296883296
-1.283407937816091
-2.038979601059427
-1.8236335646000403
-2.0963846655893237
-1.9581190666757295
-1.9724346124194025
-1.530997578458565
-1.093851146727659
-1.7420698246444857
-1.5189657282368763
-1.7742961725507622
-1.889997736956132
-1.6809206272973054
-1.6201836375833325
-1.304666236785333
-1.7479759387037515
-2.012374638494887
-1.9894607997281843
-1.999977979181388
-1.282034497925401
-1.1803237420299133
-2.036156151915415
-1.4302483214023305
-1.0503108263829504
-2.119478391111239
-1.5565669951076142
-1.357350048153717
-1.3998053502612084
-1.3320844129139229
-1.9050692532651103
-1.5970390459620376
-2.117494830022833
-1.4811380328978307
-1.2805426902586927
-1.3460489318635724
-2.0077964918142284
-1.2690028089276588
-2.05106830649254
-1.3617180451006519
-1.9064858947726706
-1.4322367513624983
-1.7335892243175257
-1.8073534224468375
-2.069831407582578
-2.0416403895765844
-1.3081530182064436
-1.6806156487871868
-1.7437023317312763
-1.6314689174745285
-1.7632205683609823
-1.771669176501276
-1.2933929028669082
-1.5963297225551274
-1.106123264055696
-1.3018739949689873
-2.0744191567235437
-2.6526156528165323
-2.8057033226089594
-2.4463824640052594
-2.7389714042841957
-3.1895567388032315
-1.205066963181886
-2.9433821348638762
-1.8133617059066989
-2.033982589682773
-2.499018451283735
-1.8679346583390894
-1.7338782400037691
-2.5692369887086244
-3.8455150749502
-1.788248167485296
-1.6501355756783889
-1.9126951901442173
-2.111592173101683
-2.7049082146008403
-2.028645673905207
-1.802776688081142
-1.8561589884893055
-2.189393695064315
-1.63790961145618
-2.03153514084304
-2.519152587052965
-2.629371201324255
-1.981719014528396
-3.7908303021670973
-2.192662992287325
-2.08377876358791
-1.426275951576519
-2.3612952023905462
-2.166709056131521
-2.467377727831402
-1.2852257478066547
-1.6519209336658691
-2.000267247230637
-1.8325315051305624
-2.2429078021898956
-1.7476397440062208
-2.3790170153155135
-2.1045603855478046
-1.779334570968338
-1.8419333526719366
-1.6244660784319342
-1.8056159842879236
-1.4702188945454924
-1.6864729465994914
-1.360259540727172
-0.9967013207391658
-1.5532149999800318
-1.115412592647998
-1.7446365386692269
-1.5866945689235241
-1.152458650800487
-1.7230673667543128
-2.2242674174772907
-1.5563051034213888
-1.5657081887551574
-1.5296460076403868
-1.2812399267268666
-1.6293065719335347
-2.1665586987675987
-1.9117646488402156
-1.5423884610281255
-1.78521324685093
-1.6989335265970522
-2.390250541817001
-2.7687436005664416
-3.9720443401932215
-4.765776234829508
-5.699450130989764
-4.888410915202116
-4.075379347777268
-2.6707878444265827
-1.2090911484305953
-1.7229209784749133
-1.5133962201839077
-1.2740692574074175
-1.6947402036926327
-1.8553483651809881
-2.0634013785426593
-2.1143223223035856
-1.4133038540556364
-2.120812815379181
-1.2439883407034968
-1.2522037212003096
-1.7129664088042806
-0.9858686545106649
-1.8224191145857511
-1.421571967513793
-1.5455983269999596
-1.5007403652045421
-2.1194171629380145
-1.1478862427114402
-2.4133139228360845
-2.6063472510007064
-1.3311310698151009
-1.3125995501948282
-1.3160430292022112
-1.7685262124777885
-1.5400391060233531
-1.6285295065013523
-2.044384542591015
-1.1217284048317857
-1.6482346877586842
-2.4153710971549485
-2.02096539280045
-1.3503352752926205
-1.8764497949138674
-1.1659677324135713
-1.5378457427146657
-1.722913499389799
-1.5037159219653975
-1.4201874850622618
-1.6210949983629044
-1.5203768884713083
-1.0828488987763822
-1.2881819043471185
-1.317687665339911
-1.2251277208435503
-1.3744327008247916
-2.0571580739327793
-1.1824439549784573
-1.52195946936836
-1.4436811629809234
-1.4712591927995287
-1.529544650646683
-1.5814520616698335
-1.4390319283794346
-1.2729709382769254
-1.6319493090097077
-1.7749027018672343
-2.2776254272993666
-1.548053161477622
-1.5652543978285645
-2.1612645652449114
-1.8665258971854977
-1.6316119767082735
-2.3818389069448416
-2.037022286738682
-1.199326462797365
-1.5966333279780125
-1.460257600973008
-1.793533099700904
-1.8264555408865062
-1.7605158205436886
-1.5212236679879958
-1.6714869663832628
-1.928268111824452
-1.6789890455129135
-1.4811052821198722
-2.170288857277542
-2.0134067391098744
-2.2428557887509677
-1.523880885575644
-1.7451502336670506
-1.5612710803766432
-1.5632481672025644
-2.248472114687316
-1.4448774900982477
-2.0539980855338484
-1.396733515660124
-1.202448994486075
-1.2505262103179504
-1.2613571548892704
-1.4408128036417949
-1.6591617129286933
-1.5461907534845751
-1.3784295653585599
-1.9354975960010823
-1.4495606371777707
-1.4417897028789135
-1.6944851770743397
-1.2120216314418377
-1.284813428582436
-1.4454790232646817
-3.6776489898916545
-1.1592806190082579
-1.383199689381223
-1.1989040114719187
-1.7448572155273445
-1.9088143769585215
-1.2933909913805637
-1.8809472138475345
-1.619692971213263
-1.3918294134784475
-2.0206238981466322
-1.645601445421278
-1.6387800505889722
-1.4127033687923003
-1.3606101488192723
-1.823038403036132
-1.0597446220726172
-1.1631766362230156
-1.8478391434072683
-2.7585218448746356
-1.7699671739367988
-1.7325186126570398
-1.478841914365945
-1.4351461767921354
-1.4471411196442503
-1.154103750130106
-1.3136736693009319
-1.7923143876258805
-1.9450864113950208
-2.3996320145408254
-1.4951333316581736
-1.1736165820255544
-2.217805065657558
-2.6317991830491327
-1.2960717627151228
-1.572703121209828
-1.2087248934872838
-1.7681420993369419
-1.6193210288694633
-1.593158614697964
-1.4443335038748972
-2.0672375950857704
-1.8530464991566922
-1.3045217423500006
-1.3345030867917447
-1.3543867642947744
-1.679394484458023
-1.478099588755631
-1.0609811290679558
-1.6875787023202902
-1.6848460153135718
-1.3050393996083625
-1.4817987360332356
-1.5153188193672225
-2.055426185002657
-2.4925277975420146
-1.6203892135034441
-1.697488665652061
-1.6112097276587503
-1.6117087783227533
-1.0346154238741154
-1.1577969653783302
-1.7275053005409557
-1.1276396052833935
-1.4244295773973978
-1.4757304170868715
-1.535617304511494
-1.4769508847695019
-2.0182626383916573
-1.5450407973745837
-1.7176647627813773
-1.3651907786269506
-1.4268577047753337
-1.4948553133137434
-1.3098171225527675
-1.4006194552929645
-1.2707347832760059
-2.0820542396153936
-1.877597647132748
-1.3445245377258601
-1.999779330998011
-1.5529627235308199
-2.263194826749835
-1.6317275188725164
-1.7842558518819058
-1.141366315198825
-1.4037105837446804
-1.29157927807879
-1.4534729145374674
-1.2340918301270574
-1.472973081715822
-1.540931211466696
-1.3031856677758944
-1.2243362917086755
-2.215826486414455
-2.160061761259873
-1.7372188651521994
-1.078877046478765
-1.7523107361264623
-1.900165250145776
-1.3565282222242132
-1.5385743751822596
-1.251063240477364
-1.319918744986775
-1.5367148494216856
-1.3686947623819015
-1.1860983127558273
-1.3588097141745334
-1.5265614909365368
-1.3983253075403952
-1.318288525837033
-2.406192968444463
-1.589105974164053
-1.7247913978048546
-1.9428850141742584
-2.202313044802669
-2.0703926819180576
-1.6381891412374305
-1.498315576259133
-1.3068688151432832
-1.6211717443185694
-1.7462500696044154
-3.1229415149627333
-1.777014974734887
-1.7166542022928908
-1.778919659721674
-1.804842965859695
-1.7332447849043853
-2.5075219860656697
-1.6419855489821293
-1.2144923876052882
-1.4005844301612391
-3.139376592388548
-1.521262297154965
-1.7106037910747616
-2.6555185563017285
-1.8717916209367433
-1.3722179495405642
-1.914071022807445
-1.512736348415756
-1.510227569150126
-1.426983358349462
-1.5183999409697173
-1.7575833852098157
-1.4346923463983423
-1.5104942679252316
-1.7214477364468708
-1.6897243705946583
-1.6551852436588146
-0.9975321913029461
-1.5716060698016059
-1.4912912414554034
-1.3141391699307008
-1.2033484606756257
-1.7510628323570803
-1.5756931107995678
-1.2859688741164716
-1.4720479469722898
-1.3786773547577538
-1.5234889399420923
-1.503875142632419
-1.582161118964532
-1.9651953151277104
-1.6524716136918518
-1.4161559056274724
-1.8555330745266125
-1.6063931286823752
-1.4138307953320333
-0.899943334187709
-1.7744018680179523
-1.3503961154678545
-1.4203322141110026
-1.6123418728641
-1.5978742741570133
-1.5000483290852344
-2.818116708160146
-1.4665019896900158
-1.2242032608682842
-1.4053445286134998
-1.8085290968505772
-1.9498363349192693
-1.6207048303505767
-1.2255887832878172
-1.430839846335989
-1.794664850159317
-2.39860625631674
-1.2216853929010665
-1.8306098460692626
-1.4611937922214753
-1.695741566653915
-1.3747051500643226
-1.3783735970713966
-1.5486656312184306
-1.7931268425000113
-1.5282137779202885
-1.2077608885517408
-1.0232307794405109
-1.7261182471627703
-2.000940672799982
-2.2582353394040067
-1.5005130086780514
-2.046653409095289
-2.1983759992896927
-2.1995981046777224
-1.9360968808889853
-2.295196961975088
-2.0224334996307425
-1.4541420280031607
-2.3971660966188963
-1.2463808955898343
-1.0180428407292643
-1.1497017994012375
-1.6721867747740837
-2.0073286455080983
-1.4324880509309201
-1.9587277894097281
-2.238106446011131
-2.042798321514845
-2.3366643293250946
-1.4360561375925394
-2.4206645261280584
-1.4418922173741116
-1.1064302724192145
-1.8939825929645857
-1.1193944909399984
-1.3445116518786029
-1.2252745489634116
-1.3891418272016345
-1.9942515947650596
-1.344675197806049
-1.819865694690425
-1.498356673755385
-2.2904472852608198
-1.875982636388146
-1.35659030024116
-1.2098653235703787
-1.3662862865581005
-1.561200456016716
-1.1790392934697729
-1.257177965589856
-1.3737014221812087
-1.3680922180273678
-1.0468540396101644
-1.6015463827836642
-1.6843191993010862
-1.3046773856665603
-1.5246483012711591
-0.9619453925336843
-1.344682760625655
-1.6948193997730494
-1.9531016287753575
-1.6679684266063286
-1.5939708936222774
-2.1111429568694495
-1.6226264879399566
-1.8965439668812485
-1.745172765120584
-1.2968685260621264
-1.6975818927635442
-1.3581698217304845
-1.397634281867226
-1.4363282898803285
-1.7717653808893445
-1.3755468743681354
-1.5726188165225061
-1.3635538076414522
-1.4206362841006122
-1.226283136648904
-1.361326225842323
-1.3309443125811173
-2.557355163817536
-0.9134078138466999
-1.7774116534679867
-1.2728765826137156
-1.8572171396854742
-1.7519420310692926
-1.6258844442814138
-1.3477494866660464
-1.3176709058070721
-1.3205413932764973
-1.5816560901042875
-2.120462425920762
-2.3167237080764718
-1.4599846227091375
-1.5796011311570115
-1.3791534324397194
-1.6939363988464688
-1.6867896192367227
-1.5162352104931403
-0.9226989434345002
-1.55257223840152
-1.586088415425192
-1.1285342281294681
-1.6275190271667095
-2.046334576425416
-0.930804991384358
-2.193676976932503
-1.1499137748599033
-2.4784818121851635
-2.6089177889059085
-1.2271053117663633
-2.071368147044573
-2.2876279916105484
-1.80206097275578
-1.471074311074348
-1.605064559900707
-1.9031230941215638
-1.026623450581437
-1.698893869951149
-2.3110148252336256
-1.4250498064582704
-1.7185918926708177
-1.2764796249558754
-1.5938296191024321
-2.0488729616953845
-1.926005061830617
-1.8120831447712473
-2.102537611645968
-1.864998227026829
-1.1470398470362413
-1.512246683440788
-1.6895979151743514
-1.5914580026293634
-2.2535205621926893
-1.094580273161658
-1.5376205551139612
-1.7849686194995151
-2.522912570891107
-1.281889791635739
-1.2924112227372784
-1.957070458006736
-0.685489569334207
-1.63064211595754
-1.133346384846129
-1.3615250878552811
-1.2933055738121666
-1.619533415266382
-1.197689431249389
-1.7857829155860578
-1.9323609468107537
-1.63282813378065
-2.3598147370179516
-1.745981327969805
-1.495123659522257
-1.521203303674087
-1.0353606315718078
-1.4667852092085552
-1.7843633004843995
-2.1981707012963527
-0.7676694239737921
-1.2911405017413191
-2.147974207222254
-0.7535187422295514
-1.6064150699129907
-1.1809444034209338
-1.8234788071154158
-1.5131310382016794
-1.4770270650588473
-1.4209605337297389
-1.38749981920604
-1.339173643565623
-1.1522346063926223
-1.4537425454066197
-1.2002346528373258
-1.3268367992391223
-1.5252644734775598
-0.974507595178192
-2.0900900620717295
-1.5835210299075866
-1.540524633649656
-1.5639549755815663
-2.2894227567899605
-0.9568117930328739
-1.224176181660763
-1.196420975678169
-1.3851570893159388
-1.5580554394834294
-1.194595469187995
-1.121711086586105
-1.168949204251418
-1.2877830606125709
-1.645734361116429
-1.5582003425213122
-1.4381152621807933
-1.5496907029273719
-2.1449089729993465
-1.3152652691305555
-1.7528270026900923
-1.7383616856960356
-1.5468323412902016
-1.446242215406034
-1.2051223931600505
-1.8460690380013167
-2.0724433381765035
-1.612042146975211
-1.2866864089159653
-1.3731611774919534
-1.4258259385793781
-1.6651612054300888
-1.1903265656831048
-1.2998684879835152
-1.3094251281315485
-1.3467832332048095
-1.7006717703853633
-1.3368159074239117
-2.0687182785205955
-1.8873590643655331
-1.2477949907572423
-1.193741580181135
-1.7126600908492988
-2.0688041718680448
-1.4968452524536493
-1.5947734091034296
-1.4215103183003472
-0.9724580178035511
-1.2846363694927048
-1.3662508054256977
-2.2420940864044585
-1.1523695617016811
-1.0765333986129146
-1.0778408363205656
-1.2379307659977052
-1.9123619697206007
-1.800994454500057
-2.8623539005040244
-1.0806213949854364
-1.9258333931298401
-1.3444784023414451
-0.8861201850194974
-1.6798031129565534
-1.6013712213220015
-1.6581305282518928
-1.984170768136439
-1.2058179854017683
-1.1478165725818898
-1.6783039269747193
-1.883779831491106
-1.065313867926395
-2.274326627680852
-1.2453736225830787
-1.5452383044820832
-1.8632901881769401
-1.2962320908658693
-2.12422545327151
-2.4284448944693353
-1.7240157695526181
-1.8752901894252874
-1.2079239851635524
-1.7284156932786248
-1.6312181651719406
-1.1337075972747739
-0.8539759877470162
-1.2309043597166385
-1.4873724169152502
-1.218375369660037
-1.2959167620984937
-1.1619298546174046
-1.0736900086423948
-1.4965433500026732
-1.060153144734649
-0.8698162925341902
-1.360413586401949
-2.7077488403154906
-2.030444785369764
-1.8200674907594483
-1.006960170732811
-1.6594131543116015
-1.7861726143859336
-1.1296461814120193
-1.2829549602423571
-1.390517404416923
-1.953593658936881
-1.5642250712225696
-2.332200954484577
-1.2085075038615356
-1.2197457076876552
-1.379491270686062
-1.1974109657037186
-2.17429898011775
-1.4306321191674372
-1.29421527336406
-1.207380049620478
-1.011333258537701
-1.1646166823648743
-1.2202751819548947
-1.4569092875486556
-1.3921549750896682
-1.3951906007978594
-1.5419110101986733
-1.683129771922751
-1.1988726817670017
-1.3122970115354307
-2.3380895763807716
-1.550991010061406
-1.4549304918046377
-1.5755015214432249
-1.6063886347267047
-1.2923006742153242
-0.9998105184606723
-1.2069525603014826
-1.6429197034264857
-1.1099451015265205
-1.7698699532347568
-1.66331155828246
-1.5858111593741573
-1.9161246779089298
-1.4933110892226826
-1.2109693920766962
-1.1568164832042813
-1.1397989782415343
-1.443248909202251
-1.2787337061253345
-1.266467776399343
-1.2987677323696045
-0.8691435228319859
-1.5757237164535436
-0.9739849543952819
-1.4011893390806285
-0.7960997423056002
-1.0379996772160245
-1.8901479209927183
-2.156600685070464
-1.365938457928915
-1.5431208085251826
-1.2274968926248093
-1.8261988924346944
-1.851406102278198
-1.0231163199902165
-1.3714718757928848
-1.2712933960562125
-1.0287198861748683
-1.667612367086547
-1.1310236335060275
-1.5924339827917204
-0.8170962538147116
-1.450225723315924
-0.9465247486721985
-1.5074164599174114
-1.7104379479817093
-1.2018118966721465
-1.1218611369889062
-1.105211665977219
-2.0190827634513133
-2.717141554606107
-1.1857684933323065
-1.762006134323584
-1.2930845898216288
-1.6334671489892125
-1.1907158932455124
-1.5417421965103564
-0.9509687961598896
-1.373067699245846
-1.522631236185612
-1.3126133712251613
-1.4981560194819865
-1.4405973623600294
-1.9869998872073846
-1.480646764948916
-1.1326912526190351
-1.0398504184962547
-1.78709301733709
-1.4924363108720926
-1.5765767589053516
-1.3343792778144346
-1.043854167429884
-1.2490836159558332
-1.3182362382197856
-2.048626407955548
-1.7767949466005146
-1.145323197619193
-1.3837628782254998
-1.370590055041143
-1.9297106223104699
-1.1493596552985372
-1.7151118499389344
-0.9547660259704225
-1.0441120210714148
-2.245152687612656
-1.0972120450758827
-1.2498236007652528
-2.0529225583874453
-0.99511252580316
-0.789373941600369
-1.5164730222204004
-1.7530773042251442
-1.239191242568633
-1.512358821804852
-1.4628282801394574
-1.0950789031733539
-1.0237063406093652
-0.775505279854246
-1.7859344380186088
-1.071905427217595
-1.0757093155735482
-0.9626550834816359
-1.4258177860915258
-1.3308346134519302
-1.4811733487260121
-0.9436326087121624
-1.4101135813190782
-1.403940422753208
-2.631247171268474
-1.5092797511703622
-1.0295767680579333
-1.4685542634507902
-1.129993575013191
-0.7817832531310387
-1.1996401011281201
-0.8138968965992139
-1.325363858771963
-1.4078379212622565
-1.5007133371573265
-1.368445615305498
-1.8392834292380702
-2.1491417840650744
-1.2401781276626276
-1.481910548194997
-1.2017925186589375
-1.7720691584284824
-1.3662194697419154
-1.7756440698036278
-1.2187252107629696
-1.4695337722653632
-1.3168550019676901
-1.2415822870733035
-1.6031282265359115
-2.20108196530316
-1.1107659560757126
-1.1758026643978492
-1.4288656824536288
-2.3268097132570107
-1.2765850376018917
-1.6459577059501749
-1.37942648105486
-0.9346171470285587
-1.688465887248898
-1.1449467012964736
-1.297476201369825
-0.7740847280986827
-1.1657430092908296
-1.3415618481358653
-2.1060455365083564
-1.0807463336483731
-1.7434037316291415
-1.1367941303043874
-1.4095726466864462
-1.6944986841271108
-1.6913456969342506
-1.672674742293522
-1.071442239713372
-1.185584219704063
-1.7367084145835927
-1.0116380979542126
-1.5120029634290988
-1.4207225377237342
-1.3755943482309005
-1.2297206442361541
-1.170175832621857
-0.9659714554775448
-1.3500265015630852
-2.1968880096877847
-1.2388279554183634
-1.1156699703296333
-1.5896152190350414
-1.65191163843394
-1.2136109978433591
-1.2785001924202264
-1.738975107279118
-1.4745113183221095
-1.202767702142657
-0.9735756091815232
-0.9712559561217872
-1.7988158713625813
-1.346082417143742
-1.8284996325521063
-1.3479933062996219
-1.284740086103871
-1.2571223475199638
-1.2702553080224703
-1.492447165176259
-1.310475162424888
-1.5273923221501107
-0.9354209394918467
-1.2014123672105315
-1.2772653378916832
-1.9466303886372291
-1.5668192933797802
-1.2645549977180255
-2.369030983912199
-1.4036574049107284
-0.9382508700183636
-1.7042132836153312
-2.0945489281078693
-1.6988702710028227
-1.345936015887974
-1.1721719591695317
-1.5269984385161528
-1.2481663198143202
-1.5312534095328458
-1.4511917910639582
-1.7419782204247045
-1.4718253223288762
-1.1529316301404247
-1.0991598809678034
-1.1341449582234544
-1.3811207375715338
-1.4419729670914976
-1.46508122436225
-1.9350077816920628
-1.062622555305934
-1.5510587011125685
-0.9791277208403956
-1.7755019536749468
-1.2841033893008726
-1.234668605146681
-1.4826582412582208
-2.197275412592142
-1.133470046355575
-1.4282679047250786
-1.1253654156719408
-1.194554175404664
-1.2849424975429504
-1.4428842605126535
-1.7544405693635337
-1.107140448613218
-1.3584829750881302
-1.9772562077520717
-1.180809806987362
-1.671308697073968
-2.3613445693530966
-1.2655055784926648
-1.2847338764113625
-1.0844905775605458
-1.0625853182163558
-1.4134406521863532
-0.9876038776627313
-1.3293445327465523
-0.9195563331471724
-0.9736944579767796
-1.3138463317051856
-1.2851299370598108
-1.771416476856651
-1.378636308463772
-1.3124775465384486
-1.0623298840838877
-2.134381220807615
-1.1556181468864186
-1.1949019729909414
-1.0072897665863307
-1.790440374046077
-1.2208038759046007
-1.0586020679224908
-1.7009493205522195
-1.4139590113680793
-2.5321299765100758
-1.052341498274833
-1.1354051280888282
-1.9580334707876816
-1.0467846236198584
-1.665262526041873
-1.4254276759410216
-0.9634699551107812
-1.944753243894908
-1.2246034927080935
-1.0989940085153251
-1.3503899929178997
-0.9657501936907277
-1.637134374515299
-0.9493343525066237
-1.6538868187030542
-1.1723696557306205
-1.1480853860310838
-1.2330616121622697
-1.3338652886597187
-1.5136617404933188
-1.6644875014453684
-1.710035000439053
-1.4863422867427363
-1.8281971200657303
-1.6235615312145435
-1.0369012281426804
-1.5939608267729648
-0.8758716910885349
-1.2789910955525465
-1.4811812899648975
-0.9761139676872418
-1.4804568610549733
-1.1893185441578848
-1.3615724214657483
-1.171037967155825
-1.4554499331246187
-0.936468968071391
-1.0705394623672106
-1.3904938640949986
-1.179922879800892
-1.6230335289745843
-1.5040068225410286
-1.4398571503325224
-1.2237039517510822
-1.6509885736349406
-1.205905293071575
-1.6047722507930313
-1.5433895120548478
-1.442170807620084
-2.096334181711601
-1.0719345946126089
-1.904982633094486
-1.2816371084101976
-1.7456391692212867
-1.8831513607152328
-1.1815673777193971
-1.4557980224616398
-1.7473527968615905
-0.8757926769034198
-0.7979495393960344
-1.4245326762289976
-1.020505129206317
-1.0060560212223029
-1.1621120007503114
-1.0060992901321248
-1.4895856550545963
-0.9306104135383698
-1.3234247116404478
-1.1262995698021212
-1.3341165208503745
-1.0878911065703183
-1.1483201132170948
-1.923143390836574
-1.0040605956026538
-1.2734790582358249
-1.1112397988601044
-0.9364646426259147
-1.4207714937054627
-1.2559471793410362
-1.2681047567712038
-1.228784497912527
-0.9502136134603498
-1.640291088912287
-0.9577517155318563
-1.2027947341863663
-1.3319447771494346
-1.2100095426592106
-1.3981068771716498
-1.1550261633421939
-1.2813264436123375
-1.1168749547407684
-1.2072607012338803
-1.2413558861561167
-1.107348802858386
-1.0150993772655494
-0.9303055489411055
-1.1495755121491018
-0.9951535565220907
-0.9724137748237318
-1.0587222534866996
-0.9939950324357278
-1.2848758520706198
-1.1007452617711535
-1.9916454680350508
-1.8234740817033177
-2.8214283788066434
-1.3686111734866202
-1.125858130145968
-1.1930091775455507
-1.6348946899359762
-1.3998503975364636
-1.9735774731355833
-1.534304299923803
-0.8650494654897727
-1.3009420146366393
-0.9984843755522904
-1.129105876128319
-1.5529049113752493
-1.2748413825756995
-0.991377566138556
-1.323909642777893
-0.7729068668204997
-1.5831440357101045
-1.7961262931928366
-1.4673023740334599
-1.7238412225292343
-0.9229328182414691
-1.8363127535514747
-1.09961141767472
-1.6345823365299268
-1.7198216918159992
-1.6140548107001789
-1.3948048492228466
-1.546026737469372
-1.3369228805935252
-2.609290660896551
-1.2315020714845875
-1.9075529644900477
-1.3031313012540011
-1.7537214015911475
-1.6440239229587998
-1.2757033699903044
-1.6200550750001177
-1.1363703400643568
-1.1839268758998645
-0.8802563607654936
-1.1611721366018795
-1.8485498307560182
-1.2239114569889118
-1.4680838934945193
-1.0699073870598779
-1.258481348298049
-1.3237985263481367
-1.423719214690469
-0.8283829395993382
-1.6313075600379654
-1.5408585225122038
-1.1230808685667424
-1.0860543816092387
-1.0969115717680644
-1.5199417396869745
-1.6252025843741629
-1.2530551463165849
-1.320197043128181
-1.1229299515429083
-1.249964697790963
-1.3758581198922921
-1.1977526454686689
-0.965058024552753
-1.268731629836828
-1.3200808746280202
-1.5101546155846324
-1.8218362697223631
-1.2888769605092936
-0.7884825105549335
-0.8806635341511851
-1.2476851395507
-1.689280690992927
-1.717369630075785
-1.051238103882598
-1.34615858178348
-1.7130064100940148
-1.0955568218508016
-1.5556801540291947
-2.0105756540409856
-1.6389615824109567
-1.3902259839532611
-0.821042209809489
-1.5784698547737188
-1.6047695517962097
-1.1456083392247787
-1.7025241543077407
-1.0901732175798413
-1.084278074342872
-1.8314195730352143
-1.5733496295881981
-1.704548381984988
-1.1719570604538077
-1.2536254447131676
-1.392804810371579
-1.2892106103720173
-1.013635211625262
-1.8016071789561339
-1.2318468126252449
-1.2118461003922023
-0.9829317456351061
-1.2795589881131115
-0.9670855336720647
-1.2206504792285344
-0.835272332328206
-1.0936712489531368
-1.0988843981114782
-1.0376292030757912
-1.6614972247777735
-1.1726421319807085
-2.40441606614084
-1.094228240288551
-1.1636124091386946
-1.692723715556284
-1.5796471382560229
-2.528536724171514
-2.1048286424346436
-1.0248087819207117
-1.2131421406203748
-1.1939936631311039
-0.9377012833441134
-1.826013825703731
-1.2024723603107725
-1.3615179501830492
-1.906536047845631
-1.3021673361900055
-1.6709405535122193
-1.8686016987910337
-1.4324758395839436
-1.1100496742051709
-1.0020633854214251
-1.0782198103055027
-1.3295657357698272
-1.0287362598249938
-1.1389810707406964
-1.0577805129588354
-0.6998095334844828
-1.0481251527366295
-1.2648058785219596
-1.1263597711905535
-1.50963821445315
-1.7150292748830578
-1.7073979592158492
-1.112160842168089
-2.258919176941018
-1.6921193883855148
-1.9059352001547476
-1.8163885604121153
-0.9979039914191165
-1.9616112796232217
-1.050273204417824
-1.8152490590424009
-1.0204926671567254
-1.920814966974741
-1.6352487342064737
-1.5330231389086206
-1.3755073681178893
-1.3856509278108369
-1.2812781321161426
-1.6284999018797117
-0.9125767766565966
-0.8332789054098049
-1.045120093910316
-1.3479838390766647
-1.6758683577227105
-1.337550000770888
-1.0176516459632097
-1.7186058035456049
-1.295714322409494
-1.3145954490917933
-1.160537306530946
-1.5066806877643903
-1.403268467436247
-2.120904561477703
-1.3392875626910956
-1.6529135465959843
-1.9465992513521044
-1.6441363886399967
-1.2613184217830515
-1.4533197242431288
-1.67823947873997
-1.1604086662584205
-2.299393312681446
-0.9149505957296951
-1.5244646670190094
-0.8446429492796528
-1.8176091298977188
-1.8677333889172296
-1.1100511252527958
-0.8441974903660809
-1.5034938241928189
-1.4633491048481257
-1.6885241421704964
-0.8386231387265219
-1.6018431204819277
-1.7491083168657116
-1.5205610219087253
-1.280623840600476
-1.9081591603064694
-1.4477151177012362
-1.2936682411865716
-0.8207433850699312
-0.584360031116479
-1.679404499506083
-1.0471016305951248
-1.3724872055976867
-0.984150996290507
-0.8344262838370021
-0.8596871659293791
-1.4559079920364548
-0.8683149067311787
-0.7067178707343249
-1.2970909773773032
-1.406884795178463
-1.057602060705499
-1.7492401962713775
-1.0182003889746454
-1.4302011661361456
-0.9968552308631768
-1.5536572492079959
-1.2956472729915487
-1.249757290993852
-1.22347460883404
-1.0724217228360344
-0.9699951035683353
-1.2405579167676903
-1.0587770833452474
-1.3375747895686565
-1.0360695348412876
-1.1351415574162202
-1.4703044083888117
-1.1229478425303328
-1.3526769198977124
-0.8084497125129124
-1.2774989238736403
-1.2229104637154475
-1.3144254004032958
-1.2117765714132334
-1.1612699938867468
-1.550955288902144
-1.1453158697113728
-1.3720262880273408
-1.222394744063578
-1.6055147661213203
-1.0422181956357786
-1.1577524961674657
-0.9001023459794931
-2.0717652147252164
-1.179582789193214
-1.1762058759048262
-0.7807949505588423
-1.1742842614000857
-1.093531929695947
-1.2764199480656497
-1.6371725813639575
-1.6122354100710232
-0.8989922913889302
-0.8511105999549797
-0.991373807899449
-1.357883685712901
-1.020174575742594
-1.112621098091252
-0.8360944263716595
-1.6213976189757666
-1.1318047110535356
-1.1574734468302335
-1.4586513487619224
-1.583016990757956
-0.8512964327144458
-1.1742194844447855
-0.7191307169393849
-1.0621807501076497
-1.4404495921042904
-1.4547140321845609
-1.2571975719243509
-1.0853797783259018
-2.836640740006667
-1.021299560928955
-2.8253007707334956
-1.6586024107984298
-1.1910104011989706
-1.0286550285767884
-1.1027521195872014
-1.6618452261431764
-1.3000586327850185
-1.3528188168738893
-1.3727210054208647
-1.5083406040249532
-0.9563333467438642
-0.957737559301416
-2.3402899994226156
-1.2301468041558956
-1.9894561486275917
-1.695599959640806
-1.6556723532043645
-2.147419064159013
-1.1965046808973736
-1.1734357184949238
-1.067252338428163
-1.0129762862189369
-1.233485231335143
-1.183938107898002
-1.5103922324218069
-1.2363945513570633
-1.666960169730168
-1.4701307045604597
-2.1144433690170468
-1.3019171303860952
-1.03683743795742
-1.194247142932792
-0.6999922542326484
-1.6819327680390928
-1.0842506365243114
-1.5599217156003058
-1.1169601862487457
-1.2717147513549172
-1.2360804365639886
-1.064519911691975
-1.6528827605091971
-1.2824185149802538
-1.4449175379486738
-1.3586171756528567
-0.9819552560224529
-1.635736044400388
-1.4190807478149277
-1.71986948886982
-1.6654353618397952
-1.3576000874142937
-1.7831742532507038
-1.6967886542482327
-1.1430258987366124
-1.1301135003889828
-1.1336505672538018
-1.2725533356249144
-1.1481471358693363
-1.2971242146863875
-0.9430811323108579
-1.227815711444439
-1.4752987333701546
-1.769214886798899
-1.0309037378638355
-1.2160550200632643
-1.2361068458265037
-1.814749637844113
-1.3341060956765074
-1.3691979031197217
-1.0898924256108278
-0.8291808164086548
-0.7850785676333537
-1.093258835896947
-1.40359077575028
-0.791465788741319
-1.2920550828311987
-0.9848811697395559
-1.0417352724626796
-0.9640041516360351
-1.0123235220305162
-1.5567423000362168
-1.7051699260122402
-1.170168971701195
-1.7996601563391565
-1.0244881774041454
-0.9738191945705711
-1.3151438855627402
-1.191142457737315
-1.1042205256629052
-1.162842202416689
-1.1072857123408393
-0.981443054903489
-0.9163918587628762
-1.0474155600206776
-0.9896920022190009
-1.2902825370619169
-0.9222743652079203
-1.0395554123890904
-0.9352138693754996
-0.9378956036044295
-1.1258638905742306
-1.5998079668340919
-1.036598356545012
-1.3246742257508803
-1.4922380223603662
-1.647220846834706
-1.2272140022104365
-0.8069741815932109
-1.2770429632532985
-1.9237130395062876
-1.257746181494152
-1.1213888795954927
-1.6800579835109217
-0.9622051787144312
-1.0923431820656275
-1.0618663311604508
-1.5837855975718664
-1.3840689885913136
-0.7318121599880454
-0.8068423139921616
-1.122269309959589
-1.474967983538149
-1.3426482566371414
-1.7352095835724037
-1.61742978955774
-1.1789894217873265
-1.663252113174366
-1.3284721578906442
-1.124648696338352
-1.5634743327880694
-1.1112423348045521
-0.7736486786828214
-1.5860880707970992
-1.1247549208948069
-1.1050318963177457
-1.9003832978364472
-0.9956130337330069
-1.6686177765382948
-1.9930335464682243
-1.0580689676455097
-1.3983083009090245
-1.1107921691844262
-1.0572047452605162
-1.0319430782727061
-0.7770825008806496
-1.355577629333511
-0.9861550650796188
-1.2076379340886383
-1.1304890803877752
-1.3732155689526624
-1.128455484053137
-1.063639195987312
-1.6528749854465015
-1.2359678700321715
-1.083931357474628
-1.244003789489913
-1.0518271543986326
-1.2700959274377452
-1.3396500778992613
-1.711785052049583
-0.9093264943790269
-1.0013532283093465
-0.9811536640023485
-1.636755809453527
-1.5528059419605373
-0.850573167365824
-1.15253389545917
-0.9978910547406948
-0.8738965591757611
-1.169953583785555
-0.6712960696985614
-1.1779670815974048
-0.7704673994516159
-1.007254032854743
-1.0352298109684963
-1.048828104510181
-1.5719327293518184
-1.1905589396871608
-1.1382777024294797
-0.8549181427868554
-1.2888075200257634
-0.9367893934360787
-1.165439149658377
-1.4807755234715319
-0.9340688277815692
-0.9278331366140501
-1.1586023807269945
-0.9047366117929905
-1.3874866894331148
-1.018515176343069
-1.299934068660898
-1.5914123843952526
-1.4021281875154996
-1.3555396429635556
-0.9070707686526482
-1.1451546085688586
-1.256867590130796
-1.2030602385828106
-1.1742841402838218
-1.4815445826529303
-1.1022620937474594
-1.3620680166213186
-2.049960244769383
-0.9915406532783114
-1.3700244683170002
-0.6290132975878633
-2.1102113585437166
-1.0158791390190618
-1.1225813158541291
-1.3908162240184536
-1.2011919866641438
-1.291034412700932
-1.6359011665948178
-0.9952537423531559
-1.1143932051017176
-0.7150424590741218
-0.9646696202291611
-1.1445077727503221
-1.3781973446488096
-1.5316100090397782
-1.3339913900577889
-1.0059910886588783
-1.306450823677603
-1.241675656048947
-0.8568212235514158
-1.1784324638812433
-1.1704761941583983
-2.0156605116530724
-0.9066488742135289
-1.8238312185054555
-1.962258870799316
-1.0116818843681974
-1.1725681556136736
-1.0707654538850477
-1.2656404557026386
-1.160706139410705
-1.3154999493085375
-1.1818141993823623
-1.516143142138208
-1.6380219374903917
-1.2195228378339595
-2.161089104794916
-1.5581182481825089
-1.2288383240568594
-2.406876554513485
-1.2865877908348942
-1.0088986344105904
-1.8339083932093447
-1.1808413517201632
-0.8143853182270802
-1.0036480205175957
-1.0169508322501104
-1.601286173779356
-1.6716303085889128
-1.2556023425490268
-1.0323048185098984
-1.557809894499997
-1.4494535350477573
-1.2042003690664667
-1.5059233031665962
-1.1803074786680146
-1.059172037430749
-0.9136681305247565
-1.2627177361327586
-1.2230768410420532
-1.5689486695376844
-1.2226491272495683
-0.9684165473996861
-1.2905782732431692
-1.1493038734182393
-1.0612413034223311
-1.036126712596776
-1.274443505340142
-0.8443385417144326
-0.9545719866311758
-1.6635249410455846
-0.7321450025632552
-1.3362666604457731
-1.0851076722430697
-1.1748182642855358
-1.1734432487138156
-0.80540809610362
-1.2824646822054246
-1.3840506113693996
-0.7043277481923433
-1.0135188000421609
-0.6421412868990817
-1.6705801855586877
-1.0577287842127723
-0.8508687984742033
-1.1885443465295125
-0.9790986892891868
-1.1242718165982604
-0.8203206069492919
-1.9419387422563144
-1.185573853855365
-1.4743362632975217
-1.9544736180110853
-1.4916493739443424
-1.1658947072186592
-1.1939702765535092
-1.0866015021620519
-1.345045370188827
-0.8908976268432854
-0.915818854480112
-1.2231309220857898
-2.808424520682571
-1.6456633828949199
-1.8362491276974113
-1.0278165005136357
-0.7743173771599346
-1.044685006126822
-1.1931820575100274
-1.240646751377847
-0.9643311191873314
-0.9283932845381426
-1.1304885112377494
-1.1889962356952395
-1.096932619699147
-1.5635765351180626
-1.1046231119518466
-1.009000290760476
-1.2588411157334467
-1.7706020548293127
-1.323566927995994
-1.2274807357718656
-1.0517289501519866
-2.078369825366767
-1.8167555572966831
-0.7805568128636383
-1.3757122292633914
-1.0030537377086357
-1.1247490945604641
-0.8495655407335956
-1.2288102945173527
-1.2649383628366815
-1.3925696146157254
-1.0692093689853428
-1.3423212263062894
-1.6068581849730739
-1.079275503914813
-1.18421510496761
-1.2779699399964024
-1.1592027415759565
-0.7086051571963086
-0.9823083709622195
-0.914973053779788
-1.2949398522689575
-1.057319638266315
-2.169319883544661
-0.9097179782669734
-0.8834400951382083
-1.3334574739620266
-1.0600977567953984
-1.2114920825375741
-1.396528324148847
-1.3352669107561719
-1.235530778726679
-1.6506289925838091
-1.726642546982387
-0.7782957992403183
-0.8347451551763885
-0.8815172425589095
-1.2854640843597305
-1.4695611102823822
-1.4099655352279714
-0.8596968195629361
-0.79726960046253
-1.4612623624972227
-1.655346368786381
-0.7969045540493349
-1.5117568018922047
-1.077434803741517
-1.2266194851015866
-1.048140522027611
-1.4418270267389452
-0.782640100627497
-1.1155789829876193
-1.1818868289522906
-0.9806191276307601
-1.013750176678945
-1.2238651480944678
-0.8973557346885975
-1.039246751085229
-1.7714880070245533
-1.14982960570769
-1.1785703101745295
-1.5573317467876215
-1.2448772444225866
-0.8828119593565648
-0.9556276976692855
-0.7626250152032225
-1.0791260102580693
-1.2046747655301948
-1.3466895835211576
-1.9152186206993247
-1.1006684436522034
-1.058879885712178
-0.8581804036282362
-1.293464435640862
-1.3063374690747134
-0.9988298028738626
-1.5114730427478915
-1.1727842799110817
-0.9987628705176863
-0.988207507134388
-1.1865339100809895
-1.1660954531735763
-2.2080890658005434
-1.1090401708233226
-1.912560633754786
-1.0122445945845207
-1.2948180442764108
-1.3570978938320428
-1.8919456347771586
-1.2286974075094168
-1.4019157863865006
-1.0779272578378802
-0.9770441738922586
-1.1828548436840194
-1.161294070475034
-1.4317461499684088
-0.7681920195737203
-1.286711742376045
-1.7804008362377044
-1.512737729166071
-1.46124353499118
-1.8506922179348204
-1.0654854689653217
-1.0882904908845297
-1.1825788278828933
-0.9734461055817641
-1.052624840228097
-1.6103093421392902
-1.3726850590938873
-1.7789046311426437
-1.2940138262094407
-1.1911337086815577
-1.0962376419875763
-1.716083742471111
-0.8505281540159298
-1.3318853459479407
-1.5563606288068292
-1.7408033298399859
-1.8118867591044097
-1.3603160908153011
-1.4716534973765958
-1.2602736455254855
-1.330095082126323
-1.0661471046463888
-1.530735957171829
-1.1146643773215044
-1.199226662113308
-0.7750575900333303
-0.9667326139088248
-1.4167509373864033
-0.715104925047039
-1.0565269543236613
-0.9142560687883642
-0.7632978222462282
-1.1763032707189713
-1.4640897387994107
-1.4789440429471519
-1.7135691303565712
-1.024229908786106
-1.2425132661669636
-1.2452510714629437
-1.8508317063963196
-0.8258373087802512
-1.1385953549501258
-1.259705250422399
-0.8512892682763311
-0.6393570038775265
-1.7321664564113384
-1.3360688077481562
-1.2799646895281327
-1.1380988188233818
-1.227413594257422
-1.3697398226239477
-1.0700104048915977
-1.0381476403073113
-0.9428904289551986
-1.4336561142266897
-0.968573555021721
-1.2268995787645929
-1.4247429260646511
-0.7822507235881937
-1.0807670567139647
-2.0367954720769412
-1.0640650627829809
-1.0222920387931687
-1.050112724014942
-1.11217526479386
-1.4156705274405563
-1.7602574210724304
-1.2595428886729088
-1.7121932191018205
-1.517009179598092
-1.1335863766354635
-0.8625794658420799
-0.9019729477989893
-0.7948440230959148
-1.116106217552342
-1.3638167282370772
-0.8705895508108434
-0.7030875698267357
-0.9432149415496837
-1.0390138078455045
-1.387040426858572
-2.2755882694111795
-1.7878020878495897
-1.126324127039649
-1.2389023928363236
-1.5345618304246311
-1.1143629802752772
-1.4651314616208786
-1.1895028602210833
-1.6931128550451362
-0.7561129328416313
-1.2422339330638155
-1.149096356435612
-1.3492634775436463
-1.041741304726759
-0.6775178343848741
-1.6785934040957184
-1.4158924874202448
-2.019224588124648
-0.9757902276339568
-1.0711537704125915
-1.2878143425306345
-1.306890586065346
-1.0901212973040713
-1.421354389573214
-1.3324190907766214
-1.2557344459921211
-0.8860368380686662
-2.7720883831487124
-0.9329584264225399
-1.0567770583852907
-1.0954264539230223
-0.9371487335243766
-1.3253776981522212
-1.326905725582994
-1.8336561507181923
-0.7678232134195889
-1.2180235954032694
-1.2041916822946042
-1.4056052715169307
-1.2980012649667332
-0.9913953160110781
-2.3816760471343263
-1.2019135102014054
-1.5796665758136412
-1.4183240345120294
-1.03250505450863
-1.3132269130131924
-2.1372176748391962
-1.4824279410809442
-1.3628910150000209
-0.83642563919577
-1.531139779218308
-1.0222843773748775
-1.1261061988494818
-1.4631013133702149
-1.1124057117223294
-1.3586978386189774
-1.3659924086046085
-0.6854010145226483
-1.714842437679049
-1.1876730451148216
-2.4987189871100095
-0.9545167097299416
-1.049964874687235
-1.8130910754399467
-1.44251845737113
-1.1508400470059954
-1.0372611204587052
-1.590888087514392
-1.1276052281373543
-0.7900969574668861
-0.9244908643146288
-1.2521995802585415
-1.2615902864701656
-0.968397775478804
-1.2857020363712341
-1.1857486689911998
-0.9607778391057753
-0.6971225577433049
-1.247982972674125
-0.891768195723083
-0.7877401370224837
-1.33285451110139
-1.393840954131651
-0.9327173995885105
-1.5560867567728054
-1.2649317408154874
-0.8162584284293016
-1.0069279273978313
-1.1831890140386883
-1.3608134077330187
-1.2811980529821219
-1.2052080729387766
-1.159358290469711
-1.5708399490020009
-0.8333764273118945
-0.942944890295591
-1.7680317398386107
-0.9770716312238517
-0.9372596060292184
-0.7849581520694248
-1.577289170796524
-0.8708438181012919
-1.6791915769966528
-0.9791495240659105
-1.6908118071907767
-1.4494263614024996
-1.7679470608131553
-0.9210674625555062
-1.1420975655899095
-1.2935259505537098
-0.8958470242881765
-0.9624255116259282
-0.7994657147188903
-1.3764320061617237
-1.3471296316317516
-1.3329550722356522
-1.0738344536474493
-1.7025200946042396
-1.6193907548970023
-1.4857241965764925
-1.035269612397777
-1.345467163829145
-1.0703630962851285
-1.0806759292580557
-0.9134420229242836
-1.6036633711587254
-1.1542758353859421
-1.4761392743042896
-0.9268012488132285
-1.404775044049956
-0.9207130213034189
-1.0164582036933707
-1.3560796495028256
-0.8714552483147184
-1.738663870060495
-1.033124757939539
-1.000598685832718
-1.4865714356224289
-1.1772189749178785
-1.5728566715321812
-0.9506477294131841
-1.175964088270169
-1.6091890461508696
-0.8973084175726221
-1.40948376772142
-1.2833982966745163
-0.8242852063763271
-1.7482740641410255
-1.2476906278398745
-0.9070357812316122
-0.953947676703604
-0.9899846591431039
-1.1496916849617185
-1.528878614272333
-1.0529233028707807
-1.6629689361749627
-1.3724492486142943
-0.9082721878409414
-1.2833108477469624
-1.1347692062951344
-0.9565301103992242
-1.8383155750704812
-0.8418022274370661
-1.3526899899314448
-0.7936750263828954
-1.393717351560258
-1.417599650824574
-1.039116637419734
-0.8550346552014031
-0.9237181778085279
-1.3104386894017972
-0.9871107846082077
-1.0237346555061095
-1.2593746381020139
-1.2708919829107588
-1.0073413495530597
-1.3809015663870783
-1.1616690239441134
-1.1293405270815613
-0.674798368278054
-1.141296962410315
-1.3154874862848438
-1.2310752436428074
-0.8824380122184446
-1.9964580825671454
-1.2075257409838345
-0.9694425095242766
-0.9054464405671105
-1.2065175107216437
-1.1773358556740712
-1.397381734615962
-0.9431967863481509
-1.2503582370786837
-1.0095639405397707
-1.381436252973323
-1.0766812035558966
-0.8460188985019067
-1.299222948939946
-1.307226877612511
-2.2493083383216073
-1.3885693317535663
-2.016081174121428
-1.2435559875843945
-1.1587583723189538
-0.9235752256099528
-1.3504525706190735
-2.3961063443384356
-2.0445024630991995
-1.3456755411529997
-1.1927317545711698
-0.7803843256492491
-1.212110887715365
-0.9140898059891431
-1.6645567958521654
-1.0209119597430758
-1.150796981824091
-0.875956549909562
-1.0125203529246716
-1.0908679282512177
-1.109441501424383
-1.2153787219904413
-1.7958179602848925
-1.3462706927420605
-0.7927809094982239
-0.8862492706250301
-1.5153705729353066
-1.2189445437582778
-1.971124154133362
-0.7658894110953083
-1.340127965506614
-1.136881616064999
-2.0847744525267453
-1.167767260567115
-1.5585979835900283
-1.3692572855762992
-2.1088319602896965
-0.6902934271893243
-1.0980536623312793
-0.9375154294628059
-1.0012152924377513
-0.9330525602056449
-1.6360602236150257
-1.129366524199051
-1.3474268889417937
-0.7081249247703515
-1.8558700917473392
-1.0901761399250582
-1.4681573992795336
-0.83980173885864
-1.6081979415179535
-1.6211944513938767
-0.7623845999375227
-1.1062048977778864
-0.9969934541698049
-1.1936349544839682
-0.7677728536944232
-1.109776633415235
-0.8565078404498545
-1.7917287942982796
-1.3129263552053492
-1.302907361984818
-1.0154731473816545
-2.05635609311238
-1.4157156074171404
-0.6863019836186904
-1.5207341647303227
-1.030007596697389
-0.8161227622076872
-1.0801708588536745
-1.1983765109594384
-1.0500986832032906
-0.7203477166909908
-1.3708774022492698
-0.97073613681191
-1.5432098289184846
-1.6478423683197387
-1.2949607624352308
-0.9506738680224888
-0.8424536123654829
-0.8850667555595957
-1.7522033508823265
-0.8885186196830258
-1.0008981097768366
-1.1001508548873202
-1.8580900011141621
-0.8921259413361932
-1.14560454769742
-1.0549424740232431
-0.761299313146598
-0.9467657130049921
-1.021040730537458
-1.7218090563463775
-0.8135517947765325
-1.649427278805324
-0.6220706590995442
-1.5188651910062758
-1.0871703736827842
-1.4352175721703633
-1.205547913940552
-1.99746652272473
-1.3500580095450576
-0.9433570384574329
-1.187894431373215
-1.282901797702948
-1.4605276663861675
-1.0934284280312134
-1.5558788787543043
-1.0971423172070318
-2.1999873678706816
-1.4640595372553975
-1.1578056788923066
-1.6857762241174683
-1.2010016581251641
-0.9056462498169322
-0.9934710197837262
-1.3274297061971299
-1.2868112000758194
-0.797428340667571
-1.7581176056971894
-1.2626709234215259
-1.6892718329211267
-0.9667129459930525
-0.8713007439869976
-1.4264033078065923
-0.9990490224797363
-0.8476502022104616
-0.7461505933990319
-1.59083973018559
-1.1999085684883821
-1.0389716243571312
-1.1015773531463373
-1.3092999201993452
-1.1097319037307298
-0.9472446270151434
-0.7824093171280974
-1.122530631439326
-1.5307196865619486
-1.669503709124826
-0.7058848812711599
-0.9664671875357337
-1.0584817093408416
-1.4392488581254665
-1.5954333918953454
-1.3482173360218341
-1.2969413677159891
-1.285440049792218
-1.1489473165078554
-1.4856101299940316
-0.8404308333630273
-1.222525856810762
-0.7943902048212148
-1.712382846627783
-1.1322370173057894
-1.1854798906926987
-1.0943358030896637
-1.2919257221857168
-0.9273851527519654
-1.3458866064726207
-2.443626775428963
-1.2847643446853705
-0.9592248021978316
-2.3380171630986157
-1.0652443685880215
-1.1210173823721286
-1.1735239696746975
-1.0765606226971944
-1.2242240258437909
-0.9216408496908763
-1.1089592566130204
-1.0285326048432768
-0.9250928995030706
-1.141983567563017
-0.9128984678268837
-1.4110982635014595
-1.3143284950106107
-0.9914641209612495
-0.9786292799777041
-1.8914958297526192
-1.749789280198476
-1.6825825000020083
-1.3467353260264796
-0.899861508589601
-0.7753959632304617
-1.7141803437411682
-1.8119944851262684
-1.0309434715570158
-1.1649899644395114
-0.844357084099947
-0.7860975397640652
-0.7523220208245465
-2.1223214607162038
-2.0158945027992474
-1.0070874128850573
-1.1016158749217528
-1.076571088236788
-1.3639531938090468
-2.0037468249112433
-1.5307380042408167
-1.4686874394140648
-1.1528545270404185
-1.0575225072320507
-1.0303908888014524
-1.160644354608378
-0.809422714306151
-1.0747305152422388
-1.9667058907524027
-1.3261073575034945
-0.9166944532290171
-1.0454618908343345
-1.148712979219421
-1.5226975394326898
-1.0306259265277835
-0.9238194890868826
-1.0017560648826778
-1.754237786782764
-1.559313945342529
-1.1519506283657683
-1.6297185513058423
-1.005739638869648
-1.046281834958163
-0.9206047208129557
-1.237664926627664
-1.1440078519412482
-1.1952148095502078
-0.9463458904054514
-1.1953592218931546
-1.1229305360126192
-0.7692279866633894
-1.140927348113352
-1.5248525816587803
-0.6602100550339609
-1.3692368112477777
-1.3536949692122051
-0.9582028095068921
-1.5414450574490477
-1.6904641255263901
-0.9830172077555404
-1.3509270798627067
-0.9930174746350959
-1.2680541587985055
-1.0195496138581353
-1.2236048147539489
-1.259801699585406
-1.4050929116278927
-1.3535621096228017
-1.2365757847348897
-1.0426585809033588
-0.9607321531989068
-0.9781017279603985
-0.7372000075590389
-1.058409819834385
-0.9168219224667988
-1.012864827130747
-2.3643691304608536
-0.9875346377262426
-1.4451709360410068
-1.1156388234126813
-1.3865483857705185
